2021-10-20 20:20:12.198  INFO 9549 --- [main] com.kayafirat.blog.BlogApplication       : Starting BlogApplication using Java 16.0.1 on kayaS70A with PID 9549 (/home/kaya/Desktop/blog.kayafirat.com/blog-server/build/classes/java/main started by kaya in /home/kaya/Desktop/blog.kayafirat.com/blog-server)
2021-10-20 20:20:12.201  INFO 9549 --- [main] com.kayafirat.blog.BlogApplication       : The following profiles are active: dev
2021-10-20 20:20:13.363  INFO 9549 --- [main] .s.d.r.c.RepositoryConfigurationDelegate : Multiple Spring Data modules found, entering strict repository configuration mode!
2021-10-20 20:20:13.364  INFO 9549 --- [main] .s.d.r.c.RepositoryConfigurationDelegate : Bootstrapping Spring Data JPA repositories in DEFAULT mode.
2021-10-20 20:20:13.478  INFO 9549 --- [main] .s.d.r.c.RepositoryConfigurationDelegate : Finished Spring Data repository scanning in 106 ms. Found 12 JPA repository interfaces.
2021-10-20 20:20:13.497  INFO 9549 --- [main] .s.d.r.c.RepositoryConfigurationDelegate : Multiple Spring Data modules found, entering strict repository configuration mode!
2021-10-20 20:20:13.499  INFO 9549 --- [main] .s.d.r.c.RepositoryConfigurationDelegate : Bootstrapping Spring Data Redis repositories in DEFAULT mode.
2021-10-20 20:20:13.518  INFO 9549 --- [main] .RepositoryConfigurationExtensionSupport : Spring Data Redis - Could not safely identify store assignment for repository candidate interface com.kayafirat.blog.repository.CategoryRepository. If you want this repository to be a Redis repository, consider annotating your entities with one of these annotations: org.springframework.data.redis.core.RedisHash (preferred), or consider extending one of the following types with your repository: org.springframework.data.keyvalue.repository.KeyValueRepository.
2021-10-20 20:20:13.519  INFO 9549 --- [main] .RepositoryConfigurationExtensionSupport : Spring Data Redis - Could not safely identify store assignment for repository candidate interface com.kayafirat.blog.repository.CommentRepository. If you want this repository to be a Redis repository, consider annotating your entities with one of these annotations: org.springframework.data.redis.core.RedisHash (preferred), or consider extending one of the following types with your repository: org.springframework.data.keyvalue.repository.KeyValueRepository.
2021-10-20 20:20:13.520  INFO 9549 --- [main] .RepositoryConfigurationExtensionSupport : Spring Data Redis - Could not safely identify store assignment for repository candidate interface com.kayafirat.blog.repository.ContactRepository. If you want this repository to be a Redis repository, consider annotating your entities with one of these annotations: org.springframework.data.redis.core.RedisHash (preferred), or consider extending one of the following types with your repository: org.springframework.data.keyvalue.repository.KeyValueRepository.
2021-10-20 20:20:13.521  INFO 9549 --- [main] .RepositoryConfigurationExtensionSupport : Spring Data Redis - Could not safely identify store assignment for repository candidate interface com.kayafirat.blog.repository.ImageRepository. If you want this repository to be a Redis repository, consider annotating your entities with one of these annotations: org.springframework.data.redis.core.RedisHash (preferred), or consider extending one of the following types with your repository: org.springframework.data.keyvalue.repository.KeyValueRepository.
2021-10-20 20:20:13.521  INFO 9549 --- [main] .RepositoryConfigurationExtensionSupport : Spring Data Redis - Could not safely identify store assignment for repository candidate interface com.kayafirat.blog.repository.LogRepository. If you want this repository to be a Redis repository, consider annotating your entities with one of these annotations: org.springframework.data.redis.core.RedisHash (preferred), or consider extending one of the following types with your repository: org.springframework.data.keyvalue.repository.KeyValueRepository.
2021-10-20 20:20:13.522  INFO 9549 --- [main] .RepositoryConfigurationExtensionSupport : Spring Data Redis - Could not safely identify store assignment for repository candidate interface com.kayafirat.blog.repository.MailRepository. If you want this repository to be a Redis repository, consider annotating your entities with one of these annotations: org.springframework.data.redis.core.RedisHash (preferred), or consider extending one of the following types with your repository: org.springframework.data.keyvalue.repository.KeyValueRepository.
2021-10-20 20:20:13.523  INFO 9549 --- [main] .RepositoryConfigurationExtensionSupport : Spring Data Redis - Could not safely identify store assignment for repository candidate interface com.kayafirat.blog.repository.NotificationRepository. If you want this repository to be a Redis repository, consider annotating your entities with one of these annotations: org.springframework.data.redis.core.RedisHash (preferred), or consider extending one of the following types with your repository: org.springframework.data.keyvalue.repository.KeyValueRepository.
2021-10-20 20:20:13.524  INFO 9549 --- [main] .RepositoryConfigurationExtensionSupport : Spring Data Redis - Could not safely identify store assignment for repository candidate interface com.kayafirat.blog.repository.PostDetailRepository. If you want this repository to be a Redis repository, consider annotating your entities with one of these annotations: org.springframework.data.redis.core.RedisHash (preferred), or consider extending one of the following types with your repository: org.springframework.data.keyvalue.repository.KeyValueRepository.
2021-10-20 20:20:13.525  INFO 9549 --- [main] .RepositoryConfigurationExtensionSupport : Spring Data Redis - Could not safely identify store assignment for repository candidate interface com.kayafirat.blog.repository.PostRepository. If you want this repository to be a Redis repository, consider annotating your entities with one of these annotations: org.springframework.data.redis.core.RedisHash (preferred), or consider extending one of the following types with your repository: org.springframework.data.keyvalue.repository.KeyValueRepository.
2021-10-20 20:20:13.526  INFO 9549 --- [main] .RepositoryConfigurationExtensionSupport : Spring Data Redis - Could not safely identify store assignment for repository candidate interface com.kayafirat.blog.repository.ReportRepository. If you want this repository to be a Redis repository, consider annotating your entities with one of these annotations: org.springframework.data.redis.core.RedisHash (preferred), or consider extending one of the following types with your repository: org.springframework.data.keyvalue.repository.KeyValueRepository.
2021-10-20 20:20:13.528  INFO 9549 --- [main] .RepositoryConfigurationExtensionSupport : Spring Data Redis - Could not safely identify store assignment for repository candidate interface com.kayafirat.blog.repository.SecurityRepository. If you want this repository to be a Redis repository, consider annotating your entities with one of these annotations: org.springframework.data.redis.core.RedisHash (preferred), or consider extending one of the following types with your repository: org.springframework.data.keyvalue.repository.KeyValueRepository.
2021-10-20 20:20:13.529  INFO 9549 --- [main] .RepositoryConfigurationExtensionSupport : Spring Data Redis - Could not safely identify store assignment for repository candidate interface com.kayafirat.blog.repository.UserRepository. If you want this repository to be a Redis repository, consider annotating your entities with one of these annotations: org.springframework.data.redis.core.RedisHash (preferred), or consider extending one of the following types with your repository: org.springframework.data.keyvalue.repository.KeyValueRepository.
2021-10-20 20:20:13.529  INFO 9549 --- [main] .s.d.r.c.RepositoryConfigurationDelegate : Finished Spring Data repository scanning in 20 ms. Found 0 Redis repository interfaces.
2021-10-20 20:20:14.004  INFO 9549 --- [main] trationDelegate$BeanPostProcessorChecker : Bean 'org.springframework.security.access.expression.method.DefaultMethodSecurityExpressionHandler@365afe87' of type [org.springframework.security.access.expression.method.DefaultMethodSecurityExpressionHandler] is not eligible for getting processed by all BeanPostProcessors (for example: not eligible for auto-proxying)
2021-10-20 20:20:14.010  INFO 9549 --- [main] trationDelegate$BeanPostProcessorChecker : Bean 'methodSecurityMetadataSource' of type [org.springframework.security.access.method.DelegatingMethodSecurityMetadataSource] is not eligible for getting processed by all BeanPostProcessors (for example: not eligible for auto-proxying)
2021-10-20 20:20:14.292  INFO 9549 --- [main] o.s.b.w.embedded.tomcat.TomcatWebServer  : Tomcat initialized with port(s): 8081 (http)
2021-10-20 20:20:14.302  INFO 9549 --- [main] o.apache.catalina.core.StandardService   : Starting service [Tomcat]
2021-10-20 20:20:14.302  INFO 9549 --- [main] org.apache.catalina.core.StandardEngine  : Starting Servlet engine: [Apache Tomcat/9.0.48]
2021-10-20 20:20:14.384  INFO 9549 --- [main] o.a.c.c.C.[Tomcat].[localhost].[/]       : Initializing Spring embedded WebApplicationContext
2021-10-20 20:20:14.384  INFO 9549 --- [main] w.s.c.ServletWebServerApplicationContext : Root WebApplicationContext: initialization completed in 2101 ms
2021-10-20 20:20:14.528 DEBUG 9549 --- [main] com.zaxxer.hikari.HikariConfig           : Driver class com.mysql.cj.jdbc.Driver found in Thread context class loader TomcatEmbeddedWebappClassLoader
  context: ROOT
  delegate: true
----------> Parent Classloader:
jdk.internal.loader.ClassLoaders$AppClassLoader@251a69d7

2021-10-20 20:20:14.565 DEBUG 9549 --- [main] com.zaxxer.hikari.HikariConfig           : SpringBootJPAHikariCP - configuration:
2021-10-20 20:20:14.568 DEBUG 9549 --- [main] com.zaxxer.hikari.HikariConfig           : allowPoolSuspension................................false
2021-10-20 20:20:14.569 DEBUG 9549 --- [main] com.zaxxer.hikari.HikariConfig           : autoCommit................................true
2021-10-20 20:20:14.569 DEBUG 9549 --- [main] com.zaxxer.hikari.HikariConfig           : catalog................................none
2021-10-20 20:20:14.570 DEBUG 9549 --- [main] com.zaxxer.hikari.HikariConfig           : connectionInitSql................................none
2021-10-20 20:20:14.570 DEBUG 9549 --- [main] com.zaxxer.hikari.HikariConfig           : connectionTestQuery................................none
2021-10-20 20:20:14.570 DEBUG 9549 --- [main] com.zaxxer.hikari.HikariConfig           : connectionTimeout................................30000
2021-10-20 20:20:14.570 DEBUG 9549 --- [main] com.zaxxer.hikari.HikariConfig           : dataSource................................none
2021-10-20 20:20:14.571 DEBUG 9549 --- [main] com.zaxxer.hikari.HikariConfig           : dataSourceClassName................................none
2021-10-20 20:20:14.571 DEBUG 9549 --- [main] com.zaxxer.hikari.HikariConfig           : dataSourceJNDI................................none
2021-10-20 20:20:14.572 DEBUG 9549 --- [main] com.zaxxer.hikari.HikariConfig           : dataSourceProperties................................{maintainTimeStats=false, password=<masked>, rewriteBatchedStatements=true, prepStmtCacheSqlLimit=2048, elideSetAutoCommits=true, cacheResultSetMetadata=true, cachePrepStmts=true, prepStmtCacheSize=250, useServerPrepStmts=true, useLocalSessionState=true, cacheServerConfiguration=true}
2021-10-20 20:20:14.572 DEBUG 9549 --- [main] com.zaxxer.hikari.HikariConfig           : driverClassName................................"com.mysql.cj.jdbc.Driver"
2021-10-20 20:20:14.572 DEBUG 9549 --- [main] com.zaxxer.hikari.HikariConfig           : exceptionOverrideClassName................................none
2021-10-20 20:20:14.572 DEBUG 9549 --- [main] com.zaxxer.hikari.HikariConfig           : healthCheckProperties................................{}
2021-10-20 20:20:14.573 DEBUG 9549 --- [main] com.zaxxer.hikari.HikariConfig           : healthCheckRegistry................................none
2021-10-20 20:20:14.573 DEBUG 9549 --- [main] com.zaxxer.hikari.HikariConfig           : idleTimeout................................30000
2021-10-20 20:20:14.573 DEBUG 9549 --- [main] com.zaxxer.hikari.HikariConfig           : initializationFailTimeout................................1
2021-10-20 20:20:14.574 DEBUG 9549 --- [main] com.zaxxer.hikari.HikariConfig           : isolateInternalQueries................................false
2021-10-20 20:20:14.574 DEBUG 9549 --- [main] com.zaxxer.hikari.HikariConfig           : jdbcUrl................................jdbc:mysql://127.0.0.1/blog?useUnicode=yes&characterEncoding=UTF-8&serverTimezone=UTC
2021-10-20 20:20:14.574 DEBUG 9549 --- [main] com.zaxxer.hikari.HikariConfig           : keepaliveTime................................0
2021-10-20 20:20:14.574 DEBUG 9549 --- [main] com.zaxxer.hikari.HikariConfig           : leakDetectionThreshold................................0
2021-10-20 20:20:14.575 DEBUG 9549 --- [main] com.zaxxer.hikari.HikariConfig           : maxLifetime................................2000000
2021-10-20 20:20:14.575 DEBUG 9549 --- [main] com.zaxxer.hikari.HikariConfig           : maximumPoolSize................................20
2021-10-20 20:20:14.575 DEBUG 9549 --- [main] com.zaxxer.hikari.HikariConfig           : metricRegistry................................none
2021-10-20 20:20:14.575 DEBUG 9549 --- [main] com.zaxxer.hikari.HikariConfig           : metricsTrackerFactory................................none
2021-10-20 20:20:14.575 DEBUG 9549 --- [main] com.zaxxer.hikari.HikariConfig           : minimumIdle................................5
2021-10-20 20:20:14.576 DEBUG 9549 --- [main] com.zaxxer.hikari.HikariConfig           : password................................<masked>
2021-10-20 20:20:14.576 DEBUG 9549 --- [main] com.zaxxer.hikari.HikariConfig           : poolName................................"SpringBootJPAHikariCP"
2021-10-20 20:20:14.576 DEBUG 9549 --- [main] com.zaxxer.hikari.HikariConfig           : readOnly................................false
2021-10-20 20:20:14.576 DEBUG 9549 --- [main] com.zaxxer.hikari.HikariConfig           : registerMbeans................................false
2021-10-20 20:20:14.577 DEBUG 9549 --- [main] com.zaxxer.hikari.HikariConfig           : scheduledExecutor................................none
2021-10-20 20:20:14.577 DEBUG 9549 --- [main] com.zaxxer.hikari.HikariConfig           : schema................................none
2021-10-20 20:20:14.577 DEBUG 9549 --- [main] com.zaxxer.hikari.HikariConfig           : threadFactory................................internal
2021-10-20 20:20:14.577 DEBUG 9549 --- [main] com.zaxxer.hikari.HikariConfig           : transactionIsolation................................default
2021-10-20 20:20:14.577 DEBUG 9549 --- [main] com.zaxxer.hikari.HikariConfig           : username................................"root"
2021-10-20 20:20:14.577 DEBUG 9549 --- [main] com.zaxxer.hikari.HikariConfig           : validationTimeout................................5000
2021-10-20 20:20:14.580  INFO 9549 --- [main] com.zaxxer.hikari.HikariDataSource       : SpringBootJPAHikariCP - Starting...
2021-10-20 20:20:14.996  INFO 9549 --- [main] com.zaxxer.hikari.HikariDataSource       : SpringBootJPAHikariCP - Start completed.
2021-10-20 20:20:15.105  INFO 9549 --- [main] o.hibernate.jpa.internal.util.LogHelper  : HHH000204: Processing PersistenceUnitInfo [name: default]
2021-10-20 20:20:15.163  INFO 9549 --- [main] org.hibernate.Version                    : HHH000412: Hibernate ORM core version 5.4.32.Final
2021-10-20 20:20:15.317  INFO 9549 --- [main] o.hibernate.annotations.common.Version   : HCANN000001: Hibernate Commons Annotations {5.1.2.Final}
2021-10-20 20:20:15.426  INFO 9549 --- [main] org.hibernate.dialect.Dialect            : HHH000400: Using dialect: org.hibernate.dialect.MySQL5Dialect
2021-10-20 20:20:16.302 DEBUG 9549 --- [main] org.hibernate.SQL                        : alter table comment_vote add constraint FKsuhgx7catnt6chnndede0wmpr foreign key (comment_id) references comment (id)
2021-10-20 20:20:16.339 DEBUG 9549 --- [main] org.hibernate.SQL                        : alter table meta add constraint FKsp1xynrl08sog1xkajv25ijmp foreign key (facebook_id) references facebookseo (id)
2021-10-20 20:20:16.356 DEBUG 9549 --- [main] org.hibernate.SQL                        : alter table meta add constraint FKh9yovlps1wx1lhy532mfk49rk foreign key (google_id) references googleseo (id)
2021-10-20 20:20:16.376 DEBUG 9549 --- [main] org.hibernate.SQL                        : alter table meta add constraint FK559p9h3cd2dmflxot8yamk2sb foreign key (twitter_id) references twitterseo (id)
2021-10-20 20:20:16.402 DEBUG 9549 --- [main] org.hibernate.SQL                        : alter table notification add constraint FKb0yvoep4h4k92ipon31wmdf7e foreign key (user_id) references user (id)
2021-10-20 20:20:16.430 DEBUG 9549 --- [main] org.hibernate.SQL                        : alter table post_category add constraint FKqly0d5oc4npxdig2fjfoshhxg foreign key (category_id) references category (id)
2021-10-20 20:20:16.448 DEBUG 9549 --- [main] org.hibernate.SQL                        : alter table post_category add constraint FKqr4dx4cx1lh4jfjchabytcakl foreign key (post_id) references post (id)
2021-10-20 20:20:16.473 DEBUG 9549 --- [main] org.hibernate.SQL                        : alter table post_detail add constraint FK6gul3h2hkuo40keptu3tlp7vd foreign key (meta_id) references meta (id)
2021-10-20 20:20:16.490 DEBUG 9549 --- [main] org.hibernate.SQL                        : alter table post_detail add constraint FK46mm0e5earch2ws3ffhl533aa foreign key (post_id) references post (id)
2021-10-20 20:20:16.518 DEBUG 9549 --- [main] org.hibernate.SQL                        : alter table security_role add constraint FKgh1bm3y975hxilb8lpkpsylvu foreign key (role_id) references role (id)
2021-10-20 20:20:16.534 DEBUG 9549 --- [main] org.hibernate.SQL                        : alter table security_role add constraint FKoe6ux7pqmsnuxghxpichf2s68 foreign key (security_id) references security (id)
2021-10-20 20:20:16.556 DEBUG 9549 --- [main] org.hibernate.SQL                        : alter table user add constraint FKs4304uoya22tdl9o1pmfj4ge7 foreign key (e_permission_id) references mail_permission (id)
2021-10-20 20:20:16.581 DEBUG 9549 --- [main] org.hibernate.SQL                        : alter table user add constraint FKnvfi57ejhb02o2r1wxnshqps6 foreign key (n_permission_id) references notification_permission (id)
2021-10-20 20:20:16.601 DEBUG 9549 --- [main] org.hibernate.SQL                        : alter table user add constraint FKo9n8s2lqeqreroprlkrr7bj9e foreign key (u_permission_id) references user_permission (id)
2021-10-20 20:20:16.621 DEBUG 9549 --- [main] org.hibernate.SQL                        : alter table user add constraint FK5hv52mjjufrwrx302p37tq262 foreign key (profile_id) references user_profile (id)
2021-10-20 20:20:16.649 DEBUG 9549 --- [main] org.hibernate.SQL                        : alter table user_role add constraint FKa68196081fvovjhkek5m97n3y foreign key (role_id) references role (id)
2021-10-20 20:20:16.668 DEBUG 9549 --- [main] org.hibernate.SQL                        : alter table user_role add constraint FK859n2jvi8ivhui0rl0esws6o foreign key (user_id) references user (id)
2021-10-20 20:20:16.683  INFO 9549 --- [main] o.h.e.t.j.p.i.JtaPlatformInitiator       : HHH000490: Using JtaPlatform implementation: [org.hibernate.engine.transaction.jta.platform.internal.NoJtaPlatform]
2021-10-20 20:20:16.692  INFO 9549 --- [main] j.LocalContainerEntityManagerFactoryBean : Initialized JPA EntityManagerFactory for persistence unit 'default'
2021-10-20 20:20:17.250  WARN 9549 --- [main] JpaBaseConfiguration$JpaWebConfiguration : spring.jpa.open-in-view is enabled by default. Therefore, database queries may be performed during view rendering. Explicitly configure spring.jpa.open-in-view to disable this warning
2021-10-20 20:20:18.707  INFO 9549 --- [main] o.s.s.web.DefaultSecurityFilterChain     : Will secure any request with [org.springframework.security.web.context.request.async.WebAsyncManagerIntegrationFilter@619dc070, org.springframework.security.web.context.SecurityContextPersistenceFilter@ae4a043, org.springframework.security.web.header.HeaderWriterFilter@a589070, org.springframework.web.filter.CorsFilter@22ab3e3b, org.springframework.security.web.authentication.logout.LogoutFilter@3ef7064b, com.kayafirat.blog.security.JwtRequestFilter@571b4bf6, org.springframework.security.web.savedrequest.RequestCacheAwareFilter@2ea8f277, org.springframework.security.web.servletapi.SecurityContextHolderAwareRequestFilter@51617b93, org.springframework.security.web.authentication.AnonymousAuthenticationFilter@311819e8, org.springframework.security.web.session.SessionManagementFilter@6e620fa9, org.springframework.security.web.access.ExceptionTranslationFilter@23b62cc3, org.springframework.security.web.access.intercept.FilterSecurityInterceptor@47e02a89]
2021-10-20 20:20:19.313  INFO 9549 --- [main] o.s.b.w.embedded.tomcat.TomcatWebServer  : Tomcat started on port(s): 8081 (http) with context path ''
2021-10-20 20:20:20.259  INFO 9549 --- [main] com.kayafirat.blog.BlogApplication       : Started BlogApplication in 8.622 seconds (JVM running for 11.039)
2021-10-20 20:20:20.313 DEBUG 9549 --- [scheduling-1] org.hibernate.SQL                        : SELECT * FROM mail_queue where is_send=0
2021-10-20 20:20:43.851 DEBUG 9549 --- [scheduling-1] org.hibernate.SQL                        : SELECT * FROM mail_queue where is_send=0
2021-10-20 20:21:06.655 DEBUG 9549 --- [scheduling-1] org.hibernate.SQL                        : SELECT * FROM mail_queue where is_send=0
2021-10-20 20:21:33.657 DEBUG 9549 --- [scheduling-1] org.hibernate.SQL                        : SELECT * FROM mail_queue where is_send=0
2021-10-20 20:21:56.514 DEBUG 9549 --- [scheduling-1] org.hibernate.SQL                        : SELECT * FROM mail_queue where is_send=0
2021-10-20 20:22:19.771 DEBUG 9549 --- [scheduling-1] org.hibernate.SQL                        : SELECT * FROM mail_queue where is_send=0
2021-10-20 20:22:42.660 DEBUG 9549 --- [scheduling-1] org.hibernate.SQL                        : SELECT * FROM mail_queue where is_send=0
2021-10-20 20:23:05.515 DEBUG 9549 --- [scheduling-1] org.hibernate.SQL                        : SELECT * FROM mail_queue where is_send=0
2021-10-20 20:23:27.711 DEBUG 9549 --- [scheduling-1] org.hibernate.SQL                        : SELECT * FROM mail_queue where is_send=0
2021-10-20 20:23:50.355 DEBUG 9549 --- [scheduling-1] org.hibernate.SQL                        : SELECT * FROM mail_queue where is_send=0
2021-10-20 20:24:13.590 DEBUG 9549 --- [scheduling-1] org.hibernate.SQL                        : SELECT * FROM mail_queue where is_send=0
2021-10-20 20:24:35.972 DEBUG 9549 --- [scheduling-1] org.hibernate.SQL                        : SELECT * FROM mail_queue where is_send=0
2021-10-20 20:24:58.357 DEBUG 9549 --- [scheduling-1] org.hibernate.SQL                        : SELECT * FROM mail_queue where is_send=0
2021-10-20 20:25:20.688 DEBUG 9549 --- [scheduling-1] org.hibernate.SQL                        : SELECT * FROM mail_queue where is_send=0
2021-10-20 20:25:43.419 DEBUG 9549 --- [scheduling-1] org.hibernate.SQL                        : SELECT * FROM mail_queue where is_send=0
2021-10-20 20:26:05.483 DEBUG 9549 --- [scheduling-1] org.hibernate.SQL                        : SELECT * FROM mail_queue where is_send=0
2021-10-20 20:26:27.689 DEBUG 9549 --- [scheduling-1] org.hibernate.SQL                        : SELECT * FROM mail_queue where is_send=0
2021-10-20 20:26:49.585 DEBUG 9549 --- [scheduling-1] org.hibernate.SQL                        : SELECT * FROM mail_queue where is_send=0
2021-10-20 20:27:12.128 DEBUG 9549 --- [scheduling-1] org.hibernate.SQL                        : SELECT * FROM mail_queue where is_send=0
2021-10-20 20:27:34.637 DEBUG 9549 --- [scheduling-1] org.hibernate.SQL                        : SELECT * FROM mail_queue where is_send=0
2021-10-20 20:27:56.885 DEBUG 9549 --- [scheduling-1] org.hibernate.SQL                        : SELECT * FROM mail_queue where is_send=0
2021-10-20 20:28:19.184 DEBUG 9549 --- [scheduling-1] org.hibernate.SQL                        : SELECT * FROM mail_queue where is_send=0
2021-10-20 20:28:41.636 DEBUG 9549 --- [scheduling-1] org.hibernate.SQL                        : SELECT * FROM mail_queue where is_send=0
2021-10-20 20:29:03.948 DEBUG 9549 --- [scheduling-1] org.hibernate.SQL                        : SELECT * FROM mail_queue where is_send=0
2021-10-20 20:29:26.438 DEBUG 9549 --- [scheduling-1] org.hibernate.SQL                        : SELECT * FROM mail_queue where is_send=0
2021-10-20 20:29:48.772 DEBUG 9549 --- [scheduling-1] org.hibernate.SQL                        : SELECT * FROM mail_queue where is_send=0
2021-10-20 20:30:11.401 DEBUG 9549 --- [scheduling-1] org.hibernate.SQL                        : SELECT * FROM mail_queue where is_send=0
2021-10-20 20:30:33.869 DEBUG 9549 --- [scheduling-1] org.hibernate.SQL                        : SELECT * FROM mail_queue where is_send=0
2021-10-20 20:30:56.433 DEBUG 9549 --- [scheduling-1] org.hibernate.SQL                        : SELECT * FROM mail_queue where is_send=0
2021-10-20 20:31:18.946 DEBUG 9549 --- [scheduling-1] org.hibernate.SQL                        : SELECT * FROM mail_queue where is_send=0
2021-10-20 20:31:41.479 DEBUG 9549 --- [scheduling-1] org.hibernate.SQL                        : SELECT * FROM mail_queue where is_send=0
2021-10-20 20:32:03.720 DEBUG 9549 --- [scheduling-1] org.hibernate.SQL                        : SELECT * FROM mail_queue where is_send=0
2021-10-20 20:32:26.321 DEBUG 9549 --- [scheduling-1] org.hibernate.SQL                        : SELECT * FROM mail_queue where is_send=0
2021-10-20 20:32:48.634 DEBUG 9549 --- [scheduling-1] org.hibernate.SQL                        : SELECT * FROM mail_queue where is_send=0
2021-10-20 20:32:49.270  INFO 9549 --- [http-nio-8081-exec-1] o.a.c.c.C.[Tomcat].[localhost].[/]       : Initializing Spring DispatcherServlet 'dispatcherServlet'
2021-10-20 20:32:49.270  INFO 9549 --- [http-nio-8081-exec-1] o.s.web.servlet.DispatcherServlet        : Initializing Servlet 'dispatcherServlet'
2021-10-20 20:32:49.274  INFO 9549 --- [http-nio-8081-exec-1] o.s.web.servlet.DispatcherServlet        : Completed initialization in 3 ms
2021-10-20 20:33:00.538  INFO 9549 --- [SpringApplicationShutdownHook] j.LocalContainerEntityManagerFactoryBean : Closing JPA EntityManagerFactory for persistence unit 'default'
2021-10-20 20:33:00.540  INFO 9549 --- [SpringApplicationShutdownHook] com.zaxxer.hikari.HikariDataSource       : SpringBootJPAHikariCP - Shutdown initiated...
2021-10-20 20:33:00.543  INFO 9549 --- [SpringApplicationShutdownHook] com.zaxxer.hikari.HikariDataSource       : SpringBootJPAHikariCP - Shutdown completed.
2021-10-20 20:33:05.949  INFO 10964 --- [main] com.kayafirat.blog.BlogApplication       : Starting BlogApplication using Java 16.0.1 on kayaS70A with PID 10964 (/home/kaya/Desktop/blog.kayafirat.com/blog-server/build/classes/java/main started by kaya in /home/kaya/Desktop/blog.kayafirat.com/blog-server)
2021-10-20 20:33:05.951  INFO 10964 --- [main] com.kayafirat.blog.BlogApplication       : The following profiles are active: dev
2021-10-20 20:33:06.854  INFO 10964 --- [main] .s.d.r.c.RepositoryConfigurationDelegate : Multiple Spring Data modules found, entering strict repository configuration mode!
2021-10-20 20:33:06.854  INFO 10964 --- [main] .s.d.r.c.RepositoryConfigurationDelegate : Bootstrapping Spring Data JPA repositories in DEFAULT mode.
2021-10-20 20:33:06.945  INFO 10964 --- [main] .s.d.r.c.RepositoryConfigurationDelegate : Finished Spring Data repository scanning in 85 ms. Found 12 JPA repository interfaces.
2021-10-20 20:33:06.957  INFO 10964 --- [main] .s.d.r.c.RepositoryConfigurationDelegate : Multiple Spring Data modules found, entering strict repository configuration mode!
2021-10-20 20:33:06.958  INFO 10964 --- [main] .s.d.r.c.RepositoryConfigurationDelegate : Bootstrapping Spring Data Redis repositories in DEFAULT mode.
2021-10-20 20:33:06.978  INFO 10964 --- [main] .RepositoryConfigurationExtensionSupport : Spring Data Redis - Could not safely identify store assignment for repository candidate interface com.kayafirat.blog.repository.CategoryRepository. If you want this repository to be a Redis repository, consider annotating your entities with one of these annotations: org.springframework.data.redis.core.RedisHash (preferred), or consider extending one of the following types with your repository: org.springframework.data.keyvalue.repository.KeyValueRepository.
2021-10-20 20:33:06.978  INFO 10964 --- [main] .RepositoryConfigurationExtensionSupport : Spring Data Redis - Could not safely identify store assignment for repository candidate interface com.kayafirat.blog.repository.CommentRepository. If you want this repository to be a Redis repository, consider annotating your entities with one of these annotations: org.springframework.data.redis.core.RedisHash (preferred), or consider extending one of the following types with your repository: org.springframework.data.keyvalue.repository.KeyValueRepository.
2021-10-20 20:33:06.979  INFO 10964 --- [main] .RepositoryConfigurationExtensionSupport : Spring Data Redis - Could not safely identify store assignment for repository candidate interface com.kayafirat.blog.repository.ContactRepository. If you want this repository to be a Redis repository, consider annotating your entities with one of these annotations: org.springframework.data.redis.core.RedisHash (preferred), or consider extending one of the following types with your repository: org.springframework.data.keyvalue.repository.KeyValueRepository.
2021-10-20 20:33:06.979  INFO 10964 --- [main] .RepositoryConfigurationExtensionSupport : Spring Data Redis - Could not safely identify store assignment for repository candidate interface com.kayafirat.blog.repository.ImageRepository. If you want this repository to be a Redis repository, consider annotating your entities with one of these annotations: org.springframework.data.redis.core.RedisHash (preferred), or consider extending one of the following types with your repository: org.springframework.data.keyvalue.repository.KeyValueRepository.
2021-10-20 20:33:06.980  INFO 10964 --- [main] .RepositoryConfigurationExtensionSupport : Spring Data Redis - Could not safely identify store assignment for repository candidate interface com.kayafirat.blog.repository.LogRepository. If you want this repository to be a Redis repository, consider annotating your entities with one of these annotations: org.springframework.data.redis.core.RedisHash (preferred), or consider extending one of the following types with your repository: org.springframework.data.keyvalue.repository.KeyValueRepository.
2021-10-20 20:33:06.980  INFO 10964 --- [main] .RepositoryConfigurationExtensionSupport : Spring Data Redis - Could not safely identify store assignment for repository candidate interface com.kayafirat.blog.repository.MailRepository. If you want this repository to be a Redis repository, consider annotating your entities with one of these annotations: org.springframework.data.redis.core.RedisHash (preferred), or consider extending one of the following types with your repository: org.springframework.data.keyvalue.repository.KeyValueRepository.
2021-10-20 20:33:06.981  INFO 10964 --- [main] .RepositoryConfigurationExtensionSupport : Spring Data Redis - Could not safely identify store assignment for repository candidate interface com.kayafirat.blog.repository.NotificationRepository. If you want this repository to be a Redis repository, consider annotating your entities with one of these annotations: org.springframework.data.redis.core.RedisHash (preferred), or consider extending one of the following types with your repository: org.springframework.data.keyvalue.repository.KeyValueRepository.
2021-10-20 20:33:06.981  INFO 10964 --- [main] .RepositoryConfigurationExtensionSupport : Spring Data Redis - Could not safely identify store assignment for repository candidate interface com.kayafirat.blog.repository.PostDetailRepository. If you want this repository to be a Redis repository, consider annotating your entities with one of these annotations: org.springframework.data.redis.core.RedisHash (preferred), or consider extending one of the following types with your repository: org.springframework.data.keyvalue.repository.KeyValueRepository.
2021-10-20 20:33:06.982  INFO 10964 --- [main] .RepositoryConfigurationExtensionSupport : Spring Data Redis - Could not safely identify store assignment for repository candidate interface com.kayafirat.blog.repository.PostRepository. If you want this repository to be a Redis repository, consider annotating your entities with one of these annotations: org.springframework.data.redis.core.RedisHash (preferred), or consider extending one of the following types with your repository: org.springframework.data.keyvalue.repository.KeyValueRepository.
2021-10-20 20:33:06.982  INFO 10964 --- [main] .RepositoryConfigurationExtensionSupport : Spring Data Redis - Could not safely identify store assignment for repository candidate interface com.kayafirat.blog.repository.ReportRepository. If you want this repository to be a Redis repository, consider annotating your entities with one of these annotations: org.springframework.data.redis.core.RedisHash (preferred), or consider extending one of the following types with your repository: org.springframework.data.keyvalue.repository.KeyValueRepository.
2021-10-20 20:33:06.983  INFO 10964 --- [main] .RepositoryConfigurationExtensionSupport : Spring Data Redis - Could not safely identify store assignment for repository candidate interface com.kayafirat.blog.repository.SecurityRepository. If you want this repository to be a Redis repository, consider annotating your entities with one of these annotations: org.springframework.data.redis.core.RedisHash (preferred), or consider extending one of the following types with your repository: org.springframework.data.keyvalue.repository.KeyValueRepository.
2021-10-20 20:33:06.984  INFO 10964 --- [main] .RepositoryConfigurationExtensionSupport : Spring Data Redis - Could not safely identify store assignment for repository candidate interface com.kayafirat.blog.repository.UserRepository. If you want this repository to be a Redis repository, consider annotating your entities with one of these annotations: org.springframework.data.redis.core.RedisHash (preferred), or consider extending one of the following types with your repository: org.springframework.data.keyvalue.repository.KeyValueRepository.
2021-10-20 20:33:06.984  INFO 10964 --- [main] .s.d.r.c.RepositoryConfigurationDelegate : Finished Spring Data repository scanning in 18 ms. Found 0 Redis repository interfaces.
2021-10-20 20:33:07.366  INFO 10964 --- [main] trationDelegate$BeanPostProcessorChecker : Bean 'org.springframework.security.access.expression.method.DefaultMethodSecurityExpressionHandler@52f6900a' of type [org.springframework.security.access.expression.method.DefaultMethodSecurityExpressionHandler] is not eligible for getting processed by all BeanPostProcessors (for example: not eligible for auto-proxying)
2021-10-20 20:33:07.372  INFO 10964 --- [main] trationDelegate$BeanPostProcessorChecker : Bean 'methodSecurityMetadataSource' of type [org.springframework.security.access.method.DelegatingMethodSecurityMetadataSource] is not eligible for getting processed by all BeanPostProcessors (for example: not eligible for auto-proxying)
2021-10-20 20:33:07.623  INFO 10964 --- [main] o.s.b.w.embedded.tomcat.TomcatWebServer  : Tomcat initialized with port(s): 8081 (http)
2021-10-20 20:33:07.635  INFO 10964 --- [main] o.apache.catalina.core.StandardService   : Starting service [Tomcat]
2021-10-20 20:33:07.636  INFO 10964 --- [main] org.apache.catalina.core.StandardEngine  : Starting Servlet engine: [Apache Tomcat/9.0.48]
2021-10-20 20:33:07.727  INFO 10964 --- [main] o.a.c.c.C.[Tomcat].[localhost].[/]       : Initializing Spring embedded WebApplicationContext
2021-10-20 20:33:07.727  INFO 10964 --- [main] w.s.c.ServletWebServerApplicationContext : Root WebApplicationContext: initialization completed in 1726 ms
2021-10-20 20:33:07.884 DEBUG 10964 --- [main] com.zaxxer.hikari.HikariConfig           : Driver class com.mysql.cj.jdbc.Driver found in Thread context class loader TomcatEmbeddedWebappClassLoader
  context: ROOT
  delegate: true
----------> Parent Classloader:
jdk.internal.loader.ClassLoaders$AppClassLoader@251a69d7

2021-10-20 20:33:07.910 DEBUG 10964 --- [main] com.zaxxer.hikari.HikariConfig           : SpringBootJPAHikariCP - configuration:
2021-10-20 20:33:07.913 DEBUG 10964 --- [main] com.zaxxer.hikari.HikariConfig           : allowPoolSuspension................................false
2021-10-20 20:33:07.913 DEBUG 10964 --- [main] com.zaxxer.hikari.HikariConfig           : autoCommit................................true
2021-10-20 20:33:07.913 DEBUG 10964 --- [main] com.zaxxer.hikari.HikariConfig           : catalog................................none
2021-10-20 20:33:07.914 DEBUG 10964 --- [main] com.zaxxer.hikari.HikariConfig           : connectionInitSql................................none
2021-10-20 20:33:07.914 DEBUG 10964 --- [main] com.zaxxer.hikari.HikariConfig           : connectionTestQuery................................none
2021-10-20 20:33:07.914 DEBUG 10964 --- [main] com.zaxxer.hikari.HikariConfig           : connectionTimeout................................30000
2021-10-20 20:33:07.914 DEBUG 10964 --- [main] com.zaxxer.hikari.HikariConfig           : dataSource................................none
2021-10-20 20:33:07.914 DEBUG 10964 --- [main] com.zaxxer.hikari.HikariConfig           : dataSourceClassName................................none
2021-10-20 20:33:07.914 DEBUG 10964 --- [main] com.zaxxer.hikari.HikariConfig           : dataSourceJNDI................................none
2021-10-20 20:33:07.915 DEBUG 10964 --- [main] com.zaxxer.hikari.HikariConfig           : dataSourceProperties................................{maintainTimeStats=false, password=<masked>, rewriteBatchedStatements=true, prepStmtCacheSqlLimit=2048, elideSetAutoCommits=true, cacheResultSetMetadata=true, cachePrepStmts=true, prepStmtCacheSize=250, useServerPrepStmts=true, useLocalSessionState=true, cacheServerConfiguration=true}
2021-10-20 20:33:07.915 DEBUG 10964 --- [main] com.zaxxer.hikari.HikariConfig           : driverClassName................................"com.mysql.cj.jdbc.Driver"
2021-10-20 20:33:07.915 DEBUG 10964 --- [main] com.zaxxer.hikari.HikariConfig           : exceptionOverrideClassName................................none
2021-10-20 20:33:07.915 DEBUG 10964 --- [main] com.zaxxer.hikari.HikariConfig           : healthCheckProperties................................{}
2021-10-20 20:33:07.915 DEBUG 10964 --- [main] com.zaxxer.hikari.HikariConfig           : healthCheckRegistry................................none
2021-10-20 20:33:07.916 DEBUG 10964 --- [main] com.zaxxer.hikari.HikariConfig           : idleTimeout................................30000
2021-10-20 20:33:07.916 DEBUG 10964 --- [main] com.zaxxer.hikari.HikariConfig           : initializationFailTimeout................................1
2021-10-20 20:33:07.916 DEBUG 10964 --- [main] com.zaxxer.hikari.HikariConfig           : isolateInternalQueries................................false
2021-10-20 20:33:07.916 DEBUG 10964 --- [main] com.zaxxer.hikari.HikariConfig           : jdbcUrl................................jdbc:mysql://127.0.0.1/blog?useUnicode=yes&characterEncoding=UTF-8&serverTimezone=UTC
2021-10-20 20:33:07.916 DEBUG 10964 --- [main] com.zaxxer.hikari.HikariConfig           : keepaliveTime................................0
2021-10-20 20:33:07.917 DEBUG 10964 --- [main] com.zaxxer.hikari.HikariConfig           : leakDetectionThreshold................................0
2021-10-20 20:33:07.917 DEBUG 10964 --- [main] com.zaxxer.hikari.HikariConfig           : maxLifetime................................2000000
2021-10-20 20:33:07.917 DEBUG 10964 --- [main] com.zaxxer.hikari.HikariConfig           : maximumPoolSize................................20
2021-10-20 20:33:07.917 DEBUG 10964 --- [main] com.zaxxer.hikari.HikariConfig           : metricRegistry................................none
2021-10-20 20:33:07.917 DEBUG 10964 --- [main] com.zaxxer.hikari.HikariConfig           : metricsTrackerFactory................................none
2021-10-20 20:33:07.917 DEBUG 10964 --- [main] com.zaxxer.hikari.HikariConfig           : minimumIdle................................5
2021-10-20 20:33:07.917 DEBUG 10964 --- [main] com.zaxxer.hikari.HikariConfig           : password................................<masked>
2021-10-20 20:33:07.917 DEBUG 10964 --- [main] com.zaxxer.hikari.HikariConfig           : poolName................................"SpringBootJPAHikariCP"
2021-10-20 20:33:07.918 DEBUG 10964 --- [main] com.zaxxer.hikari.HikariConfig           : readOnly................................false
2021-10-20 20:33:07.918 DEBUG 10964 --- [main] com.zaxxer.hikari.HikariConfig           : registerMbeans................................false
2021-10-20 20:33:07.918 DEBUG 10964 --- [main] com.zaxxer.hikari.HikariConfig           : scheduledExecutor................................none
2021-10-20 20:33:07.918 DEBUG 10964 --- [main] com.zaxxer.hikari.HikariConfig           : schema................................none
2021-10-20 20:33:07.918 DEBUG 10964 --- [main] com.zaxxer.hikari.HikariConfig           : threadFactory................................internal
2021-10-20 20:33:07.918 DEBUG 10964 --- [main] com.zaxxer.hikari.HikariConfig           : transactionIsolation................................default
2021-10-20 20:33:07.918 DEBUG 10964 --- [main] com.zaxxer.hikari.HikariConfig           : username................................"root"
2021-10-20 20:33:07.919 DEBUG 10964 --- [main] com.zaxxer.hikari.HikariConfig           : validationTimeout................................5000
2021-10-20 20:33:07.920  INFO 10964 --- [main] com.zaxxer.hikari.HikariDataSource       : SpringBootJPAHikariCP - Starting...
2021-10-20 20:33:08.303  INFO 10964 --- [main] com.zaxxer.hikari.HikariDataSource       : SpringBootJPAHikariCP - Start completed.
2021-10-20 20:33:08.417  INFO 10964 --- [main] o.hibernate.jpa.internal.util.LogHelper  : HHH000204: Processing PersistenceUnitInfo [name: default]
2021-10-20 20:33:08.460  INFO 10964 --- [main] org.hibernate.Version                    : HHH000412: Hibernate ORM core version 5.4.32.Final
2021-10-20 20:33:08.562  INFO 10964 --- [main] o.hibernate.annotations.common.Version   : HCANN000001: Hibernate Commons Annotations {5.1.2.Final}
2021-10-20 20:33:08.659  INFO 10964 --- [main] org.hibernate.dialect.Dialect            : HHH000400: Using dialect: org.hibernate.dialect.MySQL5Dialect
2021-10-20 20:33:09.441 DEBUG 10964 --- [main] org.hibernate.SQL                        : alter table comment_vote add constraint FKsuhgx7catnt6chnndede0wmpr foreign key (comment_id) references comment (id)
2021-10-20 20:33:09.467 DEBUG 10964 --- [main] org.hibernate.SQL                        : alter table meta add constraint FKsp1xynrl08sog1xkajv25ijmp foreign key (facebook_id) references facebookseo (id)
2021-10-20 20:33:09.487 DEBUG 10964 --- [main] org.hibernate.SQL                        : alter table meta add constraint FKh9yovlps1wx1lhy532mfk49rk foreign key (google_id) references googleseo (id)
2021-10-20 20:33:09.505 DEBUG 10964 --- [main] org.hibernate.SQL                        : alter table meta add constraint FK559p9h3cd2dmflxot8yamk2sb foreign key (twitter_id) references twitterseo (id)
2021-10-20 20:33:09.529 DEBUG 10964 --- [main] org.hibernate.SQL                        : alter table notification add constraint FKb0yvoep4h4k92ipon31wmdf7e foreign key (user_id) references user (id)
2021-10-20 20:33:09.554 DEBUG 10964 --- [main] org.hibernate.SQL                        : alter table post_category add constraint FKqly0d5oc4npxdig2fjfoshhxg foreign key (category_id) references category (id)
2021-10-20 20:33:09.572 DEBUG 10964 --- [main] org.hibernate.SQL                        : alter table post_category add constraint FKqr4dx4cx1lh4jfjchabytcakl foreign key (post_id) references post (id)
2021-10-20 20:33:09.600 DEBUG 10964 --- [main] org.hibernate.SQL                        : alter table post_detail add constraint FK6gul3h2hkuo40keptu3tlp7vd foreign key (meta_id) references meta (id)
2021-10-20 20:33:09.618 DEBUG 10964 --- [main] org.hibernate.SQL                        : alter table post_detail add constraint FK46mm0e5earch2ws3ffhl533aa foreign key (post_id) references post (id)
2021-10-20 20:33:09.644 DEBUG 10964 --- [main] org.hibernate.SQL                        : alter table security_role add constraint FKgh1bm3y975hxilb8lpkpsylvu foreign key (role_id) references role (id)
2021-10-20 20:33:09.663 DEBUG 10964 --- [main] org.hibernate.SQL                        : alter table security_role add constraint FKoe6ux7pqmsnuxghxpichf2s68 foreign key (security_id) references security (id)
2021-10-20 20:33:09.696 DEBUG 10964 --- [main] org.hibernate.SQL                        : alter table user add constraint FKs4304uoya22tdl9o1pmfj4ge7 foreign key (e_permission_id) references mail_permission (id)
2021-10-20 20:33:09.720 DEBUG 10964 --- [main] org.hibernate.SQL                        : alter table user add constraint FKnvfi57ejhb02o2r1wxnshqps6 foreign key (n_permission_id) references notification_permission (id)
2021-10-20 20:33:09.743 DEBUG 10964 --- [main] org.hibernate.SQL                        : alter table user add constraint FKo9n8s2lqeqreroprlkrr7bj9e foreign key (u_permission_id) references user_permission (id)
2021-10-20 20:33:09.766 DEBUG 10964 --- [main] org.hibernate.SQL                        : alter table user add constraint FK5hv52mjjufrwrx302p37tq262 foreign key (profile_id) references user_profile (id)
2021-10-20 20:33:09.794 DEBUG 10964 --- [main] org.hibernate.SQL                        : alter table user_role add constraint FKa68196081fvovjhkek5m97n3y foreign key (role_id) references role (id)
2021-10-20 20:33:09.812 DEBUG 10964 --- [main] org.hibernate.SQL                        : alter table user_role add constraint FK859n2jvi8ivhui0rl0esws6o foreign key (user_id) references user (id)
2021-10-20 20:33:09.832  INFO 10964 --- [main] o.h.e.t.j.p.i.JtaPlatformInitiator       : HHH000490: Using JtaPlatform implementation: [org.hibernate.engine.transaction.jta.platform.internal.NoJtaPlatform]
2021-10-20 20:33:09.842  INFO 10964 --- [main] j.LocalContainerEntityManagerFactoryBean : Initialized JPA EntityManagerFactory for persistence unit 'default'
2021-10-20 20:33:10.333  WARN 10964 --- [main] JpaBaseConfiguration$JpaWebConfiguration : spring.jpa.open-in-view is enabled by default. Therefore, database queries may be performed during view rendering. Explicitly configure spring.jpa.open-in-view to disable this warning
2021-10-20 20:33:11.780  INFO 10964 --- [main] o.s.s.web.DefaultSecurityFilterChain     : Will secure any request with [org.springframework.security.web.context.request.async.WebAsyncManagerIntegrationFilter@619dc070, org.springframework.security.web.context.SecurityContextPersistenceFilter@ae4a043, org.springframework.security.web.header.HeaderWriterFilter@a589070, org.springframework.web.filter.CorsFilter@22ab3e3b, org.springframework.security.web.authentication.logout.LogoutFilter@3ef7064b, com.kayafirat.blog.security.JwtRequestFilter@285b63eb, org.springframework.security.web.savedrequest.RequestCacheAwareFilter@2ea8f277, org.springframework.security.web.servletapi.SecurityContextHolderAwareRequestFilter@51617b93, org.springframework.security.web.authentication.AnonymousAuthenticationFilter@311819e8, org.springframework.security.web.session.SessionManagementFilter@6e620fa9, org.springframework.security.web.access.ExceptionTranslationFilter@23b62cc3, org.springframework.security.web.access.intercept.FilterSecurityInterceptor@47e02a89]
2021-10-20 20:33:12.367  INFO 10964 --- [main] o.s.b.w.embedded.tomcat.TomcatWebServer  : Tomcat started on port(s): 8081 (http) with context path ''
2021-10-20 20:33:13.266  INFO 10964 --- [main] com.kayafirat.blog.BlogApplication       : Started BlogApplication in 7.672 seconds (JVM running for 8.472)
2021-10-20 20:33:13.309 DEBUG 10964 --- [scheduling-1] org.hibernate.SQL                        : SELECT * FROM mail_queue where is_send=0
2021-10-20 20:33:16.035  INFO 10964 --- [http-nio-8081-exec-1] o.a.c.c.C.[Tomcat].[localhost].[/]       : Initializing Spring DispatcherServlet 'dispatcherServlet'
2021-10-20 20:33:16.035  INFO 10964 --- [http-nio-8081-exec-1] o.s.web.servlet.DispatcherServlet        : Initializing Servlet 'dispatcherServlet'
2021-10-20 20:33:16.037  INFO 10964 --- [http-nio-8081-exec-1] o.s.web.servlet.DispatcherServlet        : Completed initialization in 2 ms
2021-10-20 20:33:18.028 DEBUG 10964 --- [http-nio-8081-exec-2] org.hibernate.SQL                        : UPDATE post SET view = view + 1 WHERE id = ?
2021-10-20 20:33:18.033 TRACE 10964 --- [http-nio-8081-exec-2] o.h.type.descriptor.sql.BasicBinder      : binding parameter [1] as [BIGINT] - [295]
2021-10-20 20:33:18.096 DEBUG 10964 --- [http-nio-8081-exec-3] org.hibernate.SQL                        : select count(comment0_.id) as col_0_0_ from comment comment0_ where comment0_.post_id=? and comment0_.is_hide=0 and comment0_.is_delete=0
2021-10-20 20:33:18.098 TRACE 10964 --- [http-nio-8081-exec-3] o.h.type.descriptor.sql.BasicBinder      : binding parameter [1] as [BIGINT] - [295]
2021-10-20 20:33:19.255 DEBUG 10964 --- [http-nio-8081-exec-4] org.hibernate.SQL                        : SELECT c.id,c.body,c.created_date,c.update_date,u.username as user_name,u.photo as profile_photo,c.post_id,count(cv.comment_id) as total_vote 
FROM comment c 
LEFT  JOIN comment_vote cv on c.id = cv.comment_id 
RIGHT  JOIN user u on c.user_id = u.id where c.is_hide = 0 and c.is_delete = 0 and c.post_id = ? 
group by c.id order by total_vote desc limit ?
2021-10-20 20:33:19.258 TRACE 10964 --- [http-nio-8081-exec-4] o.h.type.descriptor.sql.BasicBinder      : binding parameter [1] as [BIGINT] - [295]
2021-10-20 20:33:35.971 DEBUG 10964 --- [scheduling-1] org.hibernate.SQL                        : SELECT * FROM mail_queue where is_send=0
2021-10-20 20:33:51.755 DEBUG 10964 --- [http-nio-8081-exec-5] org.hibernate.SQL                        : UPDATE post SET view = view + 1 WHERE id = ?
2021-10-20 20:33:51.756 TRACE 10964 --- [http-nio-8081-exec-5] o.h.type.descriptor.sql.BasicBinder      : binding parameter [1] as [BIGINT] - [295]
2021-10-20 20:33:51.794 DEBUG 10964 --- [http-nio-8081-exec-6] org.hibernate.SQL                        : select count(comment0_.id) as col_0_0_ from comment comment0_ where comment0_.post_id=? and comment0_.is_hide=0 and comment0_.is_delete=0
2021-10-20 20:33:51.794 TRACE 10964 --- [http-nio-8081-exec-6] o.h.type.descriptor.sql.BasicBinder      : binding parameter [1] as [BIGINT] - [295]
2021-10-20 20:33:58.040 DEBUG 10964 --- [scheduling-1] org.hibernate.SQL                        : SELECT * FROM mail_queue where is_send=0
2021-10-20 20:34:20.463 DEBUG 10964 --- [scheduling-1] org.hibernate.SQL                        : SELECT * FROM mail_queue where is_send=0
2021-10-20 20:34:42.881 DEBUG 10964 --- [scheduling-1] org.hibernate.SQL                        : SELECT * FROM mail_queue where is_send=0
2021-10-20 20:35:04.966 DEBUG 10964 --- [scheduling-1] org.hibernate.SQL                        : SELECT * FROM mail_queue where is_send=0
2021-10-20 20:35:27.266 DEBUG 10964 --- [scheduling-1] org.hibernate.SQL                        : SELECT * FROM mail_queue where is_send=0
2021-10-20 20:35:49.521 DEBUG 10964 --- [scheduling-1] org.hibernate.SQL                        : SELECT * FROM mail_queue where is_send=0
2021-10-20 20:36:12.325 DEBUG 10964 --- [scheduling-1] org.hibernate.SQL                        : SELECT * FROM mail_queue where is_send=0
2021-10-20 20:36:16.435 DEBUG 10964 --- [http-nio-8081-exec-10] org.hibernate.SQL                        : UPDATE post SET view = view + 1 WHERE id = ?
2021-10-20 20:36:16.436 TRACE 10964 --- [http-nio-8081-exec-10] o.h.type.descriptor.sql.BasicBinder      : binding parameter [1] as [BIGINT] - [295]
2021-10-20 20:36:16.439 DEBUG 10964 --- [http-nio-8081-exec-1] org.hibernate.SQL                        : select count(comment0_.id) as col_0_0_ from comment comment0_ where comment0_.post_id=? and comment0_.is_hide=0 and comment0_.is_delete=0
2021-10-20 20:36:16.440 TRACE 10964 --- [http-nio-8081-exec-1] o.h.type.descriptor.sql.BasicBinder      : binding parameter [1] as [BIGINT] - [295]
2021-10-20 20:36:29.935 DEBUG 10964 --- [http-nio-8081-exec-2] org.hibernate.SQL                        : UPDATE post SET view = view + 1 WHERE id = ?
2021-10-20 20:36:29.936 TRACE 10964 --- [http-nio-8081-exec-2] o.h.type.descriptor.sql.BasicBinder      : binding parameter [1] as [BIGINT] - [295]
2021-10-20 20:36:29.968 DEBUG 10964 --- [http-nio-8081-exec-3] org.hibernate.SQL                        : select count(comment0_.id) as col_0_0_ from comment comment0_ where comment0_.post_id=? and comment0_.is_hide=0 and comment0_.is_delete=0
2021-10-20 20:36:29.969 TRACE 10964 --- [http-nio-8081-exec-3] o.h.type.descriptor.sql.BasicBinder      : binding parameter [1] as [BIGINT] - [295]
2021-10-20 20:36:34.806 DEBUG 10964 --- [scheduling-1] org.hibernate.SQL                        : SELECT * FROM mail_queue where is_send=0
2021-10-20 20:36:56.911 DEBUG 10964 --- [scheduling-1] org.hibernate.SQL                        : SELECT * FROM mail_queue where is_send=0
2021-10-20 20:37:19.427 DEBUG 10964 --- [scheduling-1] org.hibernate.SQL                        : SELECT * FROM mail_queue where is_send=0
2021-10-20 20:37:41.887 DEBUG 10964 --- [scheduling-1] org.hibernate.SQL                        : SELECT * FROM mail_queue where is_send=0
2021-10-20 20:37:57.279 DEBUG 10964 --- [http-nio-8081-exec-6] org.hibernate.SQL                        : UPDATE post SET view = view + 1 WHERE id = ?
2021-10-20 20:37:57.279 TRACE 10964 --- [http-nio-8081-exec-6] o.h.type.descriptor.sql.BasicBinder      : binding parameter [1] as [BIGINT] - [295]
2021-10-20 20:37:57.321 DEBUG 10964 --- [http-nio-8081-exec-7] org.hibernate.SQL                        : select count(comment0_.id) as col_0_0_ from comment comment0_ where comment0_.post_id=? and comment0_.is_hide=0 and comment0_.is_delete=0
2021-10-20 20:37:57.321 TRACE 10964 --- [http-nio-8081-exec-7] o.h.type.descriptor.sql.BasicBinder      : binding parameter [1] as [BIGINT] - [295]
2021-10-20 20:38:04.072 DEBUG 10964 --- [scheduling-1] org.hibernate.SQL                        : SELECT * FROM mail_queue where is_send=0
2021-10-20 20:38:19.867 DEBUG 10964 --- [http-nio-8081-exec-8] org.hibernate.SQL                        : UPDATE post SET view = view + 1 WHERE id = ?
2021-10-20 20:38:19.868 TRACE 10964 --- [http-nio-8081-exec-8] o.h.type.descriptor.sql.BasicBinder      : binding parameter [1] as [BIGINT] - [295]
2021-10-20 20:38:19.911 DEBUG 10964 --- [http-nio-8081-exec-9] org.hibernate.SQL                        : select count(comment0_.id) as col_0_0_ from comment comment0_ where comment0_.post_id=? and comment0_.is_hide=0 and comment0_.is_delete=0
2021-10-20 20:38:19.912 TRACE 10964 --- [http-nio-8081-exec-9] o.h.type.descriptor.sql.BasicBinder      : binding parameter [1] as [BIGINT] - [295]
2021-10-20 20:38:26.444 DEBUG 10964 --- [scheduling-1] org.hibernate.SQL                        : SELECT * FROM mail_queue where is_send=0
2021-10-20 20:38:48.687 DEBUG 10964 --- [scheduling-1] org.hibernate.SQL                        : SELECT * FROM mail_queue where is_send=0
2021-10-20 20:39:10.000 DEBUG 10964 --- [http-nio-8081-exec-1] org.hibernate.SQL                        : UPDATE post SET view = view + 1 WHERE id = ?
2021-10-20 20:39:10.001 TRACE 10964 --- [http-nio-8081-exec-1] o.h.type.descriptor.sql.BasicBinder      : binding parameter [1] as [BIGINT] - [295]
2021-10-20 20:39:10.031 DEBUG 10964 --- [http-nio-8081-exec-10] org.hibernate.SQL                        : select count(comment0_.id) as col_0_0_ from comment comment0_ where comment0_.post_id=? and comment0_.is_hide=0 and comment0_.is_delete=0
2021-10-20 20:39:10.032 TRACE 10964 --- [http-nio-8081-exec-10] o.h.type.descriptor.sql.BasicBinder      : binding parameter [1] as [BIGINT] - [295]
2021-10-20 20:39:10.963 DEBUG 10964 --- [scheduling-1] org.hibernate.SQL                        : SELECT * FROM mail_queue where is_send=0
2021-10-20 20:39:20.747 DEBUG 10964 --- [http-nio-8081-exec-2] org.hibernate.SQL                        : UPDATE post SET view = view + 1 WHERE id = ?
2021-10-20 20:39:20.747 TRACE 10964 --- [http-nio-8081-exec-2] o.h.type.descriptor.sql.BasicBinder      : binding parameter [1] as [BIGINT] - [295]
2021-10-20 20:39:20.786 DEBUG 10964 --- [http-nio-8081-exec-3] org.hibernate.SQL                        : select count(comment0_.id) as col_0_0_ from comment comment0_ where comment0_.post_id=? and comment0_.is_hide=0 and comment0_.is_delete=0
2021-10-20 20:39:20.786 TRACE 10964 --- [http-nio-8081-exec-3] o.h.type.descriptor.sql.BasicBinder      : binding parameter [1] as [BIGINT] - [295]
2021-10-20 20:39:26.514 DEBUG 10964 --- [http-nio-8081-exec-4] org.hibernate.SQL                        : UPDATE post SET view = view + 1 WHERE id = ?
2021-10-20 20:39:26.515 TRACE 10964 --- [http-nio-8081-exec-4] o.h.type.descriptor.sql.BasicBinder      : binding parameter [1] as [BIGINT] - [295]
2021-10-20 20:39:26.537 DEBUG 10964 --- [http-nio-8081-exec-5] org.hibernate.SQL                        : select count(comment0_.id) as col_0_0_ from comment comment0_ where comment0_.post_id=? and comment0_.is_hide=0 and comment0_.is_delete=0
2021-10-20 20:39:26.537 TRACE 10964 --- [http-nio-8081-exec-5] o.h.type.descriptor.sql.BasicBinder      : binding parameter [1] as [BIGINT] - [295]
2021-10-20 20:39:33.322 DEBUG 10964 --- [scheduling-1] org.hibernate.SQL                        : SELECT * FROM mail_queue where is_send=0
2021-10-20 20:39:56.495 DEBUG 10964 --- [scheduling-1] org.hibernate.SQL                        : SELECT * FROM mail_queue where is_send=0
2021-10-20 20:40:18.738 DEBUG 10964 --- [scheduling-1] org.hibernate.SQL                        : SELECT * FROM mail_queue where is_send=0
2021-10-20 20:40:40.979 DEBUG 10964 --- [scheduling-1] org.hibernate.SQL                        : SELECT * FROM mail_queue where is_send=0
2021-10-20 20:41:04.094 DEBUG 10964 --- [scheduling-1] org.hibernate.SQL                        : SELECT * FROM mail_queue where is_send=0
2021-10-20 20:41:26.466 DEBUG 10964 --- [scheduling-1] org.hibernate.SQL                        : SELECT * FROM mail_queue where is_send=0
2021-10-20 20:41:49.307 DEBUG 10964 --- [scheduling-1] org.hibernate.SQL                        : SELECT * FROM mail_queue where is_send=0
2021-10-20 20:42:11.820 DEBUG 10964 --- [scheduling-1] org.hibernate.SQL                        : SELECT * FROM mail_queue where is_send=0
2021-10-20 20:42:34.104 DEBUG 10964 --- [scheduling-1] org.hibernate.SQL                        : SELECT * FROM mail_queue where is_send=0
2021-10-20 20:42:58.411 DEBUG 10964 --- [scheduling-1] org.hibernate.SQL                        : SELECT * FROM mail_queue where is_send=0
2021-10-20 20:43:20.674 DEBUG 10964 --- [scheduling-1] org.hibernate.SQL                        : SELECT * FROM mail_queue where is_send=0
2021-10-20 20:43:43.528 DEBUG 10964 --- [scheduling-1] org.hibernate.SQL                        : SELECT * FROM mail_queue where is_send=0
2021-10-20 20:44:06.101 DEBUG 10964 --- [scheduling-1] org.hibernate.SQL                        : SELECT * FROM mail_queue where is_send=0
2021-10-20 20:44:29.643 DEBUG 10964 --- [scheduling-1] org.hibernate.SQL                        : SELECT * FROM mail_queue where is_send=0
2021-10-20 20:44:52.652 DEBUG 10964 --- [scheduling-1] org.hibernate.SQL                        : SELECT * FROM mail_queue where is_send=0
2021-10-20 20:45:15.565 DEBUG 10964 --- [scheduling-1] org.hibernate.SQL                        : SELECT * FROM mail_queue where is_send=0
2021-10-20 20:45:38.687 DEBUG 10964 --- [scheduling-1] org.hibernate.SQL                        : SELECT * FROM mail_queue where is_send=0
2021-10-20 20:46:01.344 DEBUG 10964 --- [scheduling-1] org.hibernate.SQL                        : SELECT * FROM mail_queue where is_send=0
2021-10-20 20:46:24.197 DEBUG 10964 --- [scheduling-1] org.hibernate.SQL                        : SELECT * FROM mail_queue where is_send=0
2021-10-20 20:46:46.892 DEBUG 10964 --- [scheduling-1] org.hibernate.SQL                        : SELECT * FROM mail_queue where is_send=0
2021-10-20 20:47:09.929 DEBUG 10964 --- [scheduling-1] org.hibernate.SQL                        : SELECT * FROM mail_queue where is_send=0
2021-10-20 20:47:32.466 DEBUG 10964 --- [scheduling-1] org.hibernate.SQL                        : SELECT * FROM mail_queue where is_send=0
2021-10-20 20:47:54.722 DEBUG 10964 --- [scheduling-1] org.hibernate.SQL                        : SELECT * FROM mail_queue where is_send=0
2021-10-20 20:48:16.931 DEBUG 10964 --- [scheduling-1] org.hibernate.SQL                        : SELECT * FROM mail_queue where is_send=0
2021-10-20 20:48:17.020 DEBUG 10964 --- [http-nio-8081-exec-8] org.hibernate.SQL                        : UPDATE post SET view = view + 1 WHERE id = ?
2021-10-20 20:48:17.020 TRACE 10964 --- [http-nio-8081-exec-8] o.h.type.descriptor.sql.BasicBinder      : binding parameter [1] as [BIGINT] - [295]
2021-10-20 20:48:17.024 DEBUG 10964 --- [http-nio-8081-exec-9] org.hibernate.SQL                        : select count(comment0_.id) as col_0_0_ from comment comment0_ where comment0_.post_id=? and comment0_.is_hide=0 and comment0_.is_delete=0
2021-10-20 20:48:17.025 TRACE 10964 --- [http-nio-8081-exec-9] o.h.type.descriptor.sql.BasicBinder      : binding parameter [1] as [BIGINT] - [295]
2021-10-20 20:48:39.119 DEBUG 10964 --- [scheduling-1] org.hibernate.SQL                        : SELECT * FROM mail_queue where is_send=0
2021-10-20 20:49:02.285 DEBUG 10964 --- [scheduling-1] org.hibernate.SQL                        : SELECT * FROM mail_queue where is_send=0
2021-10-20 20:49:25.097 DEBUG 10964 --- [scheduling-1] org.hibernate.SQL                        : SELECT * FROM mail_queue where is_send=0
2021-10-20 20:49:47.266 DEBUG 10964 --- [scheduling-1] org.hibernate.SQL                        : SELECT * FROM mail_queue where is_send=0
2021-10-20 20:50:10.282 DEBUG 10964 --- [scheduling-1] org.hibernate.SQL                        : SELECT * FROM mail_queue where is_send=0
2021-10-20 20:50:33.040 DEBUG 10964 --- [scheduling-1] org.hibernate.SQL                        : SELECT * FROM mail_queue where is_send=0
2021-10-20 20:50:55.573 DEBUG 10964 --- [scheduling-1] org.hibernate.SQL                        : SELECT * FROM mail_queue where is_send=0
2021-10-20 20:51:18.859 DEBUG 10964 --- [scheduling-1] org.hibernate.SQL                        : SELECT * FROM mail_queue where is_send=0
2021-10-20 20:51:41.759 DEBUG 10964 --- [scheduling-1] org.hibernate.SQL                        : SELECT * FROM mail_queue where is_send=0
2021-10-20 20:52:04.914 DEBUG 10964 --- [scheduling-1] org.hibernate.SQL                        : SELECT * FROM mail_queue where is_send=0
2021-10-20 20:52:27.567 DEBUG 10964 --- [scheduling-1] org.hibernate.SQL                        : SELECT * FROM mail_queue where is_send=0
2021-10-20 20:52:32.186 DEBUG 10964 --- [http-nio-8081-exec-2] org.hibernate.SQL                        : UPDATE post SET view = view + 1 WHERE id = ?
2021-10-20 20:52:32.186 TRACE 10964 --- [http-nio-8081-exec-2] o.h.type.descriptor.sql.BasicBinder      : binding parameter [1] as [BIGINT] - [295]
2021-10-20 20:52:32.220 DEBUG 10964 --- [http-nio-8081-exec-3] org.hibernate.SQL                        : select count(comment0_.id) as col_0_0_ from comment comment0_ where comment0_.post_id=? and comment0_.is_hide=0 and comment0_.is_delete=0
2021-10-20 20:52:32.221 TRACE 10964 --- [http-nio-8081-exec-3] o.h.type.descriptor.sql.BasicBinder      : binding parameter [1] as [BIGINT] - [295]
2021-10-20 20:52:49.809 DEBUG 10964 --- [scheduling-1] org.hibernate.SQL                        : SELECT * FROM mail_queue where is_send=0
2021-10-20 20:52:55.108 DEBUG 10964 --- [http-nio-8081-exec-4] org.hibernate.SQL                        : UPDATE post SET view = view + 1 WHERE id = ?
2021-10-20 20:52:55.108 TRACE 10964 --- [http-nio-8081-exec-4] o.h.type.descriptor.sql.BasicBinder      : binding parameter [1] as [BIGINT] - [295]
2021-10-20 20:52:55.153 DEBUG 10964 --- [http-nio-8081-exec-5] org.hibernate.SQL                        : select count(comment0_.id) as col_0_0_ from comment comment0_ where comment0_.post_id=? and comment0_.is_hide=0 and comment0_.is_delete=0
2021-10-20 20:52:55.154 TRACE 10964 --- [http-nio-8081-exec-5] o.h.type.descriptor.sql.BasicBinder      : binding parameter [1] as [BIGINT] - [295]
2021-10-20 20:53:12.034 DEBUG 10964 --- [scheduling-1] org.hibernate.SQL                        : SELECT * FROM mail_queue where is_send=0
2021-10-20 20:53:34.379 DEBUG 10964 --- [scheduling-1] org.hibernate.SQL                        : SELECT * FROM mail_queue where is_send=0
2021-10-20 20:53:58.527 DEBUG 10964 --- [scheduling-1] org.hibernate.SQL                        : SELECT * FROM mail_queue where is_send=0
2021-10-20 20:54:03.555 DEBUG 10964 --- [http-nio-8081-exec-7] org.hibernate.SQL                        : UPDATE post SET view = view + 1 WHERE id = ?
2021-10-20 20:54:03.555 TRACE 10964 --- [http-nio-8081-exec-7] o.h.type.descriptor.sql.BasicBinder      : binding parameter [1] as [BIGINT] - [295]
2021-10-20 20:54:03.599 DEBUG 10964 --- [http-nio-8081-exec-9] org.hibernate.SQL                        : select count(comment0_.id) as col_0_0_ from comment comment0_ where comment0_.post_id=? and comment0_.is_hide=0 and comment0_.is_delete=0
2021-10-20 20:54:03.600 TRACE 10964 --- [http-nio-8081-exec-9] o.h.type.descriptor.sql.BasicBinder      : binding parameter [1] as [BIGINT] - [295]
2021-10-20 20:54:06.090 DEBUG 10964 --- [http-nio-8081-exec-8] org.hibernate.SQL                        : UPDATE post SET view = view + 1 WHERE id = ?
2021-10-20 20:54:06.090 TRACE 10964 --- [http-nio-8081-exec-8] o.h.type.descriptor.sql.BasicBinder      : binding parameter [1] as [BIGINT] - [295]
2021-10-20 20:54:06.124 DEBUG 10964 --- [http-nio-8081-exec-1] org.hibernate.SQL                        : select count(comment0_.id) as col_0_0_ from comment comment0_ where comment0_.post_id=? and comment0_.is_hide=0 and comment0_.is_delete=0
2021-10-20 20:54:06.124 TRACE 10964 --- [http-nio-8081-exec-1] o.h.type.descriptor.sql.BasicBinder      : binding parameter [1] as [BIGINT] - [295]
2021-10-20 20:54:21.270 DEBUG 10964 --- [scheduling-1] org.hibernate.SQL                        : SELECT * FROM mail_queue where is_send=0
2021-10-20 20:54:41.008 DEBUG 10964 --- [http-nio-8081-exec-10] org.hibernate.SQL                        : UPDATE post SET view = view + 1 WHERE id = ?
2021-10-20 20:54:41.008 TRACE 10964 --- [http-nio-8081-exec-10] o.h.type.descriptor.sql.BasicBinder      : binding parameter [1] as [BIGINT] - [295]
2021-10-20 20:54:41.055 DEBUG 10964 --- [http-nio-8081-exec-2] org.hibernate.SQL                        : select count(comment0_.id) as col_0_0_ from comment comment0_ where comment0_.post_id=? and comment0_.is_hide=0 and comment0_.is_delete=0
2021-10-20 20:54:41.055 TRACE 10964 --- [http-nio-8081-exec-2] o.h.type.descriptor.sql.BasicBinder      : binding parameter [1] as [BIGINT] - [295]
2021-10-20 20:54:42.376 DEBUG 10964 --- [http-nio-8081-exec-3] org.hibernate.SQL                        : UPDATE post SET view = view + 1 WHERE id = ?
2021-10-20 20:54:42.376 TRACE 10964 --- [http-nio-8081-exec-3] o.h.type.descriptor.sql.BasicBinder      : binding parameter [1] as [BIGINT] - [295]
2021-10-20 20:54:42.405 DEBUG 10964 --- [http-nio-8081-exec-4] org.hibernate.SQL                        : select count(comment0_.id) as col_0_0_ from comment comment0_ where comment0_.post_id=? and comment0_.is_hide=0 and comment0_.is_delete=0
2021-10-20 20:54:42.405 TRACE 10964 --- [http-nio-8081-exec-4] o.h.type.descriptor.sql.BasicBinder      : binding parameter [1] as [BIGINT] - [295]
2021-10-20 20:54:45.349 DEBUG 10964 --- [scheduling-1] org.hibernate.SQL                        : SELECT * FROM mail_queue where is_send=0
2021-10-20 20:54:56.796 DEBUG 10964 --- [http-nio-8081-exec-5] org.hibernate.SQL                        : UPDATE post SET view = view + 1 WHERE id = ?
2021-10-20 20:54:56.796 TRACE 10964 --- [http-nio-8081-exec-5] o.h.type.descriptor.sql.BasicBinder      : binding parameter [1] as [BIGINT] - [295]
2021-10-20 20:54:56.838 DEBUG 10964 --- [http-nio-8081-exec-6] org.hibernate.SQL                        : select count(comment0_.id) as col_0_0_ from comment comment0_ where comment0_.post_id=? and comment0_.is_hide=0 and comment0_.is_delete=0
2021-10-20 20:54:56.838 TRACE 10964 --- [http-nio-8081-exec-6] o.h.type.descriptor.sql.BasicBinder      : binding parameter [1] as [BIGINT] - [295]
2021-10-20 20:55:08.173 DEBUG 10964 --- [scheduling-1] org.hibernate.SQL                        : SELECT * FROM mail_queue where is_send=0
2021-10-20 20:55:15.208 DEBUG 10964 --- [http-nio-8081-exec-7] org.hibernate.SQL                        : SELECT c.id,c.body,c.created_date,c.update_date,u.username as user_name,u.photo as profile_photo,c.post_id,count(cv.comment_id) as total_vote 
FROM comment c 
LEFT  JOIN comment_vote cv on c.id = cv.comment_id 
RIGHT  JOIN user u on c.user_id = u.id where c.is_hide = 0 and c.is_delete = 0 and c.post_id = ? 
group by c.id order by total_vote desc limit ?
2021-10-20 20:55:15.209 TRACE 10964 --- [http-nio-8081-exec-7] o.h.type.descriptor.sql.BasicBinder      : binding parameter [1] as [BIGINT] - [295]
2021-10-20 20:55:30.704 DEBUG 10964 --- [scheduling-1] org.hibernate.SQL                        : SELECT * FROM mail_queue where is_send=0
2021-10-20 20:55:53.157 DEBUG 10964 --- [scheduling-1] org.hibernate.SQL                        : SELECT * FROM mail_queue where is_send=0
2021-10-20 20:56:15.316 DEBUG 10964 --- [scheduling-1] org.hibernate.SQL                        : SELECT * FROM mail_queue where is_send=0
2021-10-20 20:56:37.610 DEBUG 10964 --- [scheduling-1] org.hibernate.SQL                        : SELECT * FROM mail_queue where is_send=0
2021-10-20 20:56:39.111 DEBUG 10964 --- [http-nio-8081-exec-8] org.hibernate.SQL                        : UPDATE post SET view = view + 1 WHERE id = ?
2021-10-20 20:56:39.112 TRACE 10964 --- [http-nio-8081-exec-8] o.h.type.descriptor.sql.BasicBinder      : binding parameter [1] as [BIGINT] - [295]
2021-10-20 20:56:39.129 DEBUG 10964 --- [http-nio-8081-exec-8] org.hibernate.SQL                        : select postdetail0_.id as id1_15_, postdetail0_.body as body2_15_, postdetail0_.meta_id as meta_id3_15_, postdetail0_.post_id as post_id4_15_ from post_detail postdetail0_ left outer join post post1_ on postdetail0_.post_id=post1_.id where post1_.id=?
2021-10-20 20:56:39.130 TRACE 10964 --- [http-nio-8081-exec-8] o.h.type.descriptor.sql.BasicBinder      : binding parameter [1] as [BIGINT] - [295]
2021-10-20 20:56:39.141 DEBUG 10964 --- [http-nio-8081-exec-8] org.hibernate.SQL                        : select meta0_.id as id1_10_0_, meta0_.facebook_id as facebook2_10_0_, meta0_.google_id as google_i3_10_0_, meta0_.twitter_id as twitter_4_10_0_, facebookse1_.id as id1_4_1_, facebookse1_.description as descript2_4_1_, facebookse1_.image as image3_4_1_, facebookse1_.title as title4_4_1_, facebookse1_.author as author5_4_1_, facebookse1_.site_name as site_nam6_4_1_, facebookse1_.type as type7_4_1_, facebookse1_.url as url8_4_1_, googleseo2_.id as id1_5_2_, googleseo2_.description as descript2_5_2_, googleseo2_.image as image3_5_2_, googleseo2_.title as title4_5_2_, googleseo2_.keywords as keywords5_5_2_, twitterseo3_.id as id1_20_3_, twitterseo3_.description as descript2_20_3_, twitterseo3_.image as image3_20_3_, twitterseo3_.title as title4_20_3_, twitterseo3_.card as card5_20_3_, twitterseo3_.creator as creator6_20_3_ from meta meta0_ left outer join facebookseo facebookse1_ on meta0_.facebook_id=facebookse1_.id left outer join googleseo googleseo2_ on meta0_.google_id=googleseo2_.id left outer join twitterseo twitterseo3_ on meta0_.twitter_id=twitterseo3_.id where meta0_.id=?
2021-10-20 20:56:39.142 DEBUG 10964 --- [http-nio-8081-exec-1] org.hibernate.SQL                        : select count(comment0_.id) as col_0_0_ from comment comment0_ where comment0_.post_id=? and comment0_.is_hide=0 and comment0_.is_delete=0
2021-10-20 20:56:39.142 TRACE 10964 --- [http-nio-8081-exec-1] o.h.type.descriptor.sql.BasicBinder      : binding parameter [1] as [BIGINT] - [295]
2021-10-20 20:56:39.145 TRACE 10964 --- [http-nio-8081-exec-8] o.h.type.descriptor.sql.BasicBinder      : binding parameter [1] as [BIGINT] - [291]
2021-10-20 20:56:39.151 DEBUG 10964 --- [http-nio-8081-exec-8] org.hibernate.SQL                        : select post0_.id as id1_13_0_, post0_.created_date as created_2_13_0_, post0_.header as header3_13_0_, post0_.is_hide as is_hide4_13_0_, post0_.title as title5_13_0_, post0_.updated_date as updated_6_13_0_, post0_.view as view7_13_0_ from post post0_ where post0_.id=?
2021-10-20 20:56:39.152 TRACE 10964 --- [http-nio-8081-exec-8] o.h.type.descriptor.sql.BasicBinder      : binding parameter [1] as [BIGINT] - [295]
2021-10-20 20:56:39.159 DEBUG 10964 --- [http-nio-8081-exec-8] org.hibernate.SQL                        : select category0_.post_id as post_id1_14_0_, category0_.category_id as category2_14_0_, category1_.id as id1_0_1_, category1_.color as color2_0_1_, category1_.name as name3_0_1_, category1_.text_color as text_col4_0_1_ from post_category category0_ inner join category category1_ on category0_.category_id=category1_.id where category0_.post_id=?
2021-10-20 20:56:39.161 TRACE 10964 --- [http-nio-8081-exec-8] o.h.type.descriptor.sql.BasicBinder      : binding parameter [1] as [BIGINT] - [295]
2021-10-20 20:56:42.824 DEBUG 10964 --- [http-nio-8081-exec-10] org.hibernate.SQL                        : select post0_.id as id1_13_, post0_.created_date as created_2_13_, post0_.header as header3_13_, post0_.is_hide as is_hide4_13_, post0_.title as title5_13_, post0_.updated_date as updated_6_13_, post0_.view as view7_13_ from post post0_ order by post0_.created_date desc limit ?
2021-10-20 20:56:42.834 DEBUG 10964 --- [http-nio-8081-exec-10] org.hibernate.SQL                        : select category0_.post_id as post_id1_14_1_, category0_.category_id as category2_14_1_, category1_.id as id1_0_0_, category1_.color as color2_0_0_, category1_.name as name3_0_0_, category1_.text_color as text_col4_0_0_ from post_category category0_ inner join category category1_ on category0_.category_id=category1_.id where category0_.post_id in (select post0_.id from post post0_ )
2021-10-20 20:56:44.171 DEBUG 10964 --- [http-nio-8081-exec-3] org.hibernate.SQL                        : select count(comment0_.id) as col_0_0_ from comment comment0_ where comment0_.post_id=? and comment0_.is_hide=0 and comment0_.is_delete=0
2021-10-20 20:56:44.172 DEBUG 10964 --- [http-nio-8081-exec-2] org.hibernate.SQL                        : UPDATE post SET view = view + 1 WHERE id = ?
2021-10-20 20:56:44.172 TRACE 10964 --- [http-nio-8081-exec-3] o.h.type.descriptor.sql.BasicBinder      : binding parameter [1] as [BIGINT] - [99]
2021-10-20 20:56:44.172 TRACE 10964 --- [http-nio-8081-exec-2] o.h.type.descriptor.sql.BasicBinder      : binding parameter [1] as [BIGINT] - [99]
2021-10-20 20:56:44.180 DEBUG 10964 --- [http-nio-8081-exec-2] org.hibernate.SQL                        : select postdetail0_.id as id1_15_, postdetail0_.body as body2_15_, postdetail0_.meta_id as meta_id3_15_, postdetail0_.post_id as post_id4_15_ from post_detail postdetail0_ left outer join post post1_ on postdetail0_.post_id=post1_.id where post1_.id=?
2021-10-20 20:56:44.180 TRACE 10964 --- [http-nio-8081-exec-2] o.h.type.descriptor.sql.BasicBinder      : binding parameter [1] as [BIGINT] - [99]
2021-10-20 20:56:44.189 DEBUG 10964 --- [http-nio-8081-exec-2] org.hibernate.SQL                        : select meta0_.id as id1_10_0_, meta0_.facebook_id as facebook2_10_0_, meta0_.google_id as google_i3_10_0_, meta0_.twitter_id as twitter_4_10_0_, facebookse1_.id as id1_4_1_, facebookse1_.description as descript2_4_1_, facebookse1_.image as image3_4_1_, facebookse1_.title as title4_4_1_, facebookse1_.author as author5_4_1_, facebookse1_.site_name as site_nam6_4_1_, facebookse1_.type as type7_4_1_, facebookse1_.url as url8_4_1_, googleseo2_.id as id1_5_2_, googleseo2_.description as descript2_5_2_, googleseo2_.image as image3_5_2_, googleseo2_.title as title4_5_2_, googleseo2_.keywords as keywords5_5_2_, twitterseo3_.id as id1_20_3_, twitterseo3_.description as descript2_20_3_, twitterseo3_.image as image3_20_3_, twitterseo3_.title as title4_20_3_, twitterseo3_.card as card5_20_3_, twitterseo3_.creator as creator6_20_3_ from meta meta0_ left outer join facebookseo facebookse1_ on meta0_.facebook_id=facebookse1_.id left outer join googleseo googleseo2_ on meta0_.google_id=googleseo2_.id left outer join twitterseo twitterseo3_ on meta0_.twitter_id=twitterseo3_.id where meta0_.id=?
2021-10-20 20:56:44.189 TRACE 10964 --- [http-nio-8081-exec-2] o.h.type.descriptor.sql.BasicBinder      : binding parameter [1] as [BIGINT] - [95]
2021-10-20 20:56:44.191 DEBUG 10964 --- [http-nio-8081-exec-2] org.hibernate.SQL                        : select post0_.id as id1_13_0_, post0_.created_date as created_2_13_0_, post0_.header as header3_13_0_, post0_.is_hide as is_hide4_13_0_, post0_.title as title5_13_0_, post0_.updated_date as updated_6_13_0_, post0_.view as view7_13_0_ from post post0_ where post0_.id=?
2021-10-20 20:56:44.191 TRACE 10964 --- [http-nio-8081-exec-2] o.h.type.descriptor.sql.BasicBinder      : binding parameter [1] as [BIGINT] - [99]
2021-10-20 20:56:44.193 DEBUG 10964 --- [http-nio-8081-exec-2] org.hibernate.SQL                        : select category0_.post_id as post_id1_14_0_, category0_.category_id as category2_14_0_, category1_.id as id1_0_1_, category1_.color as color2_0_1_, category1_.name as name3_0_1_, category1_.text_color as text_col4_0_1_ from post_category category0_ inner join category category1_ on category0_.category_id=category1_.id where category0_.post_id=?
2021-10-20 20:56:44.193 TRACE 10964 --- [http-nio-8081-exec-2] o.h.type.descriptor.sql.BasicBinder      : binding parameter [1] as [BIGINT] - [99]
2021-10-20 20:56:59.893 DEBUG 10964 --- [scheduling-1] org.hibernate.SQL                        : SELECT * FROM mail_queue where is_send=0
2021-10-20 20:57:22.061 DEBUG 10964 --- [scheduling-1] org.hibernate.SQL                        : SELECT * FROM mail_queue where is_send=0
2021-10-20 20:57:44.374 DEBUG 10964 --- [scheduling-1] org.hibernate.SQL                        : SELECT * FROM mail_queue where is_send=0
2021-10-20 20:57:51.042 DEBUG 10964 --- [http-nio-8081-exec-6] org.hibernate.SQL                        : UPDATE post SET view = view + 1 WHERE id = ?
2021-10-20 20:57:51.042 TRACE 10964 --- [http-nio-8081-exec-6] o.h.type.descriptor.sql.BasicBinder      : binding parameter [1] as [BIGINT] - [99]
2021-10-20 20:57:51.073 DEBUG 10964 --- [http-nio-8081-exec-7] org.hibernate.SQL                        : select count(comment0_.id) as col_0_0_ from comment comment0_ where comment0_.post_id=? and comment0_.is_hide=0 and comment0_.is_delete=0
2021-10-20 20:57:51.073 TRACE 10964 --- [http-nio-8081-exec-7] o.h.type.descriptor.sql.BasicBinder      : binding parameter [1] as [BIGINT] - [99]
2021-10-20 20:58:06.542 DEBUG 10964 --- [scheduling-1] org.hibernate.SQL                        : SELECT * FROM mail_queue where is_send=0
2021-10-20 20:58:28.876 DEBUG 10964 --- [scheduling-1] org.hibernate.SQL                        : SELECT * FROM mail_queue where is_send=0
2021-10-20 20:58:32.948 DEBUG 10964 --- [http-nio-8081-exec-1] org.hibernate.SQL                        : UPDATE post SET view = view + 1 WHERE id = ?
2021-10-20 20:58:32.948 TRACE 10964 --- [http-nio-8081-exec-1] o.h.type.descriptor.sql.BasicBinder      : binding parameter [1] as [BIGINT] - [99]
2021-10-20 20:58:32.954 DEBUG 10964 --- [http-nio-8081-exec-8] org.hibernate.SQL                        : select count(comment0_.id) as col_0_0_ from comment comment0_ where comment0_.post_id=? and comment0_.is_hide=0 and comment0_.is_delete=0
2021-10-20 20:58:32.954 TRACE 10964 --- [http-nio-8081-exec-8] o.h.type.descriptor.sql.BasicBinder      : binding parameter [1] as [BIGINT] - [99]
2021-10-20 20:58:46.154 DEBUG 10964 --- [http-nio-8081-exec-10] org.hibernate.SQL                        : UPDATE post SET view = view + 1 WHERE id = ?
2021-10-20 20:58:46.155 TRACE 10964 --- [http-nio-8081-exec-10] o.h.type.descriptor.sql.BasicBinder      : binding parameter [1] as [BIGINT] - [99]
2021-10-20 20:58:46.169 DEBUG 10964 --- [http-nio-8081-exec-3] org.hibernate.SQL                        : select count(comment0_.id) as col_0_0_ from comment comment0_ where comment0_.post_id=? and comment0_.is_hide=0 and comment0_.is_delete=0
2021-10-20 20:58:46.170 TRACE 10964 --- [http-nio-8081-exec-3] o.h.type.descriptor.sql.BasicBinder      : binding parameter [1] as [BIGINT] - [99]
2021-10-20 20:58:51.310 DEBUG 10964 --- [scheduling-1] org.hibernate.SQL                        : SELECT * FROM mail_queue where is_send=0
2021-10-20 20:59:04.716 DEBUG 10964 --- [http-nio-8081-exec-2] org.hibernate.SQL                        : UPDATE post SET view = view + 1 WHERE id = ?
2021-10-20 20:59:04.716 TRACE 10964 --- [http-nio-8081-exec-2] o.h.type.descriptor.sql.BasicBinder      : binding parameter [1] as [BIGINT] - [99]
2021-10-20 20:59:04.741 DEBUG 10964 --- [http-nio-8081-exec-4] org.hibernate.SQL                        : select count(comment0_.id) as col_0_0_ from comment comment0_ where comment0_.post_id=? and comment0_.is_hide=0 and comment0_.is_delete=0
2021-10-20 20:59:04.741 TRACE 10964 --- [http-nio-8081-exec-4] o.h.type.descriptor.sql.BasicBinder      : binding parameter [1] as [BIGINT] - [99]
2021-10-20 20:59:14.247 DEBUG 10964 --- [scheduling-1] org.hibernate.SQL                        : SELECT * FROM mail_queue where is_send=0
2021-10-20 20:59:16.782 DEBUG 10964 --- [http-nio-8081-exec-5] org.hibernate.SQL                        : UPDATE post SET view = view + 1 WHERE id = ?
2021-10-20 20:59:16.782 TRACE 10964 --- [http-nio-8081-exec-5] o.h.type.descriptor.sql.BasicBinder      : binding parameter [1] as [BIGINT] - [99]
2021-10-20 20:59:16.803 DEBUG 10964 --- [http-nio-8081-exec-6] org.hibernate.SQL                        : select count(comment0_.id) as col_0_0_ from comment comment0_ where comment0_.post_id=? and comment0_.is_hide=0 and comment0_.is_delete=0
2021-10-20 20:59:16.804 TRACE 10964 --- [http-nio-8081-exec-6] o.h.type.descriptor.sql.BasicBinder      : binding parameter [1] as [BIGINT] - [99]
2021-10-20 20:59:26.831 DEBUG 10964 --- [http-nio-8081-exec-7] org.hibernate.SQL                        : UPDATE post SET view = view + 1 WHERE id = ?
2021-10-20 20:59:26.831 TRACE 10964 --- [http-nio-8081-exec-7] o.h.type.descriptor.sql.BasicBinder      : binding parameter [1] as [BIGINT] - [99]
2021-10-20 20:59:26.861 DEBUG 10964 --- [http-nio-8081-exec-9] org.hibernate.SQL                        : select count(comment0_.id) as col_0_0_ from comment comment0_ where comment0_.post_id=? and comment0_.is_hide=0 and comment0_.is_delete=0
2021-10-20 20:59:26.861 TRACE 10964 --- [http-nio-8081-exec-9] o.h.type.descriptor.sql.BasicBinder      : binding parameter [1] as [BIGINT] - [99]
2021-10-20 20:59:32.264 DEBUG 10964 --- [http-nio-8081-exec-8] org.hibernate.SQL                        : UPDATE post SET view = view + 1 WHERE id = ?
2021-10-20 20:59:32.264 TRACE 10964 --- [http-nio-8081-exec-8] o.h.type.descriptor.sql.BasicBinder      : binding parameter [1] as [BIGINT] - [99]
2021-10-20 20:59:32.297 DEBUG 10964 --- [http-nio-8081-exec-1] org.hibernate.SQL                        : select count(comment0_.id) as col_0_0_ from comment comment0_ where comment0_.post_id=? and comment0_.is_hide=0 and comment0_.is_delete=0
2021-10-20 20:59:32.297 TRACE 10964 --- [http-nio-8081-exec-1] o.h.type.descriptor.sql.BasicBinder      : binding parameter [1] as [BIGINT] - [99]
2021-10-20 20:59:36.404 DEBUG 10964 --- [scheduling-1] org.hibernate.SQL                        : SELECT * FROM mail_queue where is_send=0
2021-10-20 20:59:58.818 DEBUG 10964 --- [scheduling-1] org.hibernate.SQL                        : SELECT * FROM mail_queue where is_send=0
2021-10-20 21:00:21.332 DEBUG 10964 --- [scheduling-1] org.hibernate.SQL                        : SELECT * FROM mail_queue where is_send=0
2021-10-20 21:00:41.831 DEBUG 10964 --- [http-nio-8081-exec-2] org.hibernate.SQL                        : UPDATE post SET view = view + 1 WHERE id = ?
2021-10-20 21:00:41.832 TRACE 10964 --- [http-nio-8081-exec-2] o.h.type.descriptor.sql.BasicBinder      : binding parameter [1] as [BIGINT] - [99]
2021-10-20 21:00:41.860 DEBUG 10964 --- [http-nio-8081-exec-4] org.hibernate.SQL                        : select count(comment0_.id) as col_0_0_ from comment comment0_ where comment0_.post_id=? and comment0_.is_hide=0 and comment0_.is_delete=0
2021-10-20 21:00:41.861 TRACE 10964 --- [http-nio-8081-exec-4] o.h.type.descriptor.sql.BasicBinder      : binding parameter [1] as [BIGINT] - [99]
2021-10-20 21:00:43.603 DEBUG 10964 --- [scheduling-1] org.hibernate.SQL                        : SELECT * FROM mail_queue where is_send=0
2021-10-20 21:01:07.239 DEBUG 10964 --- [scheduling-1] org.hibernate.SQL                        : SELECT * FROM mail_queue where is_send=0
2021-10-20 21:01:29.370 DEBUG 10964 --- [scheduling-1] org.hibernate.SQL                        : SELECT * FROM mail_queue where is_send=0
2021-10-20 21:01:50.239 DEBUG 10964 --- [http-nio-8081-exec-6] org.hibernate.SQL                        : UPDATE post SET view = view + 1 WHERE id = ?
2021-10-20 21:01:50.239 TRACE 10964 --- [http-nio-8081-exec-6] o.h.type.descriptor.sql.BasicBinder      : binding parameter [1] as [BIGINT] - [99]
2021-10-20 21:01:50.272 DEBUG 10964 --- [http-nio-8081-exec-7] org.hibernate.SQL                        : select count(comment0_.id) as col_0_0_ from comment comment0_ where comment0_.post_id=? and comment0_.is_hide=0 and comment0_.is_delete=0
2021-10-20 21:01:50.272 TRACE 10964 --- [http-nio-8081-exec-7] o.h.type.descriptor.sql.BasicBinder      : binding parameter [1] as [BIGINT] - [99]
2021-10-20 21:01:51.971 DEBUG 10964 --- [scheduling-1] org.hibernate.SQL                        : SELECT * FROM mail_queue where is_send=0
2021-10-20 21:01:54.362 DEBUG 10964 --- [http-nio-8081-exec-9] org.hibernate.SQL                        : UPDATE post SET view = view + 1 WHERE id = ?
2021-10-20 21:01:54.362 TRACE 10964 --- [http-nio-8081-exec-9] o.h.type.descriptor.sql.BasicBinder      : binding parameter [1] as [BIGINT] - [99]
2021-10-20 21:01:54.386 DEBUG 10964 --- [http-nio-8081-exec-8] org.hibernate.SQL                        : select count(comment0_.id) as col_0_0_ from comment comment0_ where comment0_.post_id=? and comment0_.is_hide=0 and comment0_.is_delete=0
2021-10-20 21:01:54.387 TRACE 10964 --- [http-nio-8081-exec-8] o.h.type.descriptor.sql.BasicBinder      : binding parameter [1] as [BIGINT] - [99]
2021-10-20 21:02:14.471 DEBUG 10964 --- [scheduling-1] org.hibernate.SQL                        : SELECT * FROM mail_queue where is_send=0
2021-10-20 21:02:23.317 DEBUG 10964 --- [http-nio-8081-exec-1] org.hibernate.SQL                        : UPDATE post SET view = view + 1 WHERE id = ?
2021-10-20 21:02:23.317 TRACE 10964 --- [http-nio-8081-exec-1] o.h.type.descriptor.sql.BasicBinder      : binding parameter [1] as [BIGINT] - [99]
2021-10-20 21:02:23.359 DEBUG 10964 --- [http-nio-8081-exec-10] org.hibernate.SQL                        : select count(comment0_.id) as col_0_0_ from comment comment0_ where comment0_.post_id=? and comment0_.is_hide=0 and comment0_.is_delete=0
2021-10-20 21:02:23.359 TRACE 10964 --- [http-nio-8081-exec-10] o.h.type.descriptor.sql.BasicBinder      : binding parameter [1] as [BIGINT] - [99]
2021-10-20 21:02:29.401 DEBUG 10964 --- [http-nio-8081-exec-3] org.hibernate.SQL                        : UPDATE post SET view = view + 1 WHERE id = ?
2021-10-20 21:02:29.401 TRACE 10964 --- [http-nio-8081-exec-3] o.h.type.descriptor.sql.BasicBinder      : binding parameter [1] as [BIGINT] - [99]
2021-10-20 21:02:29.430 DEBUG 10964 --- [http-nio-8081-exec-2] org.hibernate.SQL                        : select count(comment0_.id) as col_0_0_ from comment comment0_ where comment0_.post_id=? and comment0_.is_hide=0 and comment0_.is_delete=0
2021-10-20 21:02:29.430 TRACE 10964 --- [http-nio-8081-exec-2] o.h.type.descriptor.sql.BasicBinder      : binding parameter [1] as [BIGINT] - [99]
2021-10-20 21:02:32.413 DEBUG 10964 --- [http-nio-8081-exec-4] org.hibernate.SQL                        : UPDATE post SET view = view + 1 WHERE id = ?
2021-10-20 21:02:32.413 TRACE 10964 --- [http-nio-8081-exec-4] o.h.type.descriptor.sql.BasicBinder      : binding parameter [1] as [BIGINT] - [99]
2021-10-20 21:02:32.420 DEBUG 10964 --- [http-nio-8081-exec-5] org.hibernate.SQL                        : select count(comment0_.id) as col_0_0_ from comment comment0_ where comment0_.post_id=? and comment0_.is_hide=0 and comment0_.is_delete=0
2021-10-20 21:02:32.421 TRACE 10964 --- [http-nio-8081-exec-5] o.h.type.descriptor.sql.BasicBinder      : binding parameter [1] as [BIGINT] - [99]
2021-10-20 21:02:37.919 DEBUG 10964 --- [scheduling-1] org.hibernate.SQL                        : SELECT * FROM mail_queue where is_send=0
2021-10-20 21:03:00.552 DEBUG 10964 --- [scheduling-1] org.hibernate.SQL                        : SELECT * FROM mail_queue where is_send=0
2021-10-20 21:03:23.546 DEBUG 10964 --- [scheduling-1] org.hibernate.SQL                        : SELECT * FROM mail_queue where is_send=0
2021-10-20 21:03:46.003 DEBUG 10964 --- [scheduling-1] org.hibernate.SQL                        : SELECT * FROM mail_queue where is_send=0
2021-10-20 21:04:00.796 DEBUG 10964 --- [http-nio-8081-exec-9] org.hibernate.SQL                        : UPDATE post SET view = view + 1 WHERE id = ?
2021-10-20 21:04:00.796 TRACE 10964 --- [http-nio-8081-exec-9] o.h.type.descriptor.sql.BasicBinder      : binding parameter [1] as [BIGINT] - [99]
2021-10-20 21:04:00.831 DEBUG 10964 --- [http-nio-8081-exec-8] org.hibernate.SQL                        : select count(comment0_.id) as col_0_0_ from comment comment0_ where comment0_.post_id=? and comment0_.is_hide=0 and comment0_.is_delete=0
2021-10-20 21:04:00.831 TRACE 10964 --- [http-nio-8081-exec-8] o.h.type.descriptor.sql.BasicBinder      : binding parameter [1] as [BIGINT] - [99]
2021-10-20 21:04:08.466 DEBUG 10964 --- [scheduling-1] org.hibernate.SQL                        : SELECT * FROM mail_queue where is_send=0
2021-10-20 21:04:13.863 DEBUG 10964 --- [http-nio-8081-exec-1] org.hibernate.SQL                        : UPDATE post SET view = view + 1 WHERE id = ?
2021-10-20 21:04:13.863 TRACE 10964 --- [http-nio-8081-exec-1] o.h.type.descriptor.sql.BasicBinder      : binding parameter [1] as [BIGINT] - [99]
2021-10-20 21:04:13.891 DEBUG 10964 --- [http-nio-8081-exec-10] org.hibernate.SQL                        : select count(comment0_.id) as col_0_0_ from comment comment0_ where comment0_.post_id=? and comment0_.is_hide=0 and comment0_.is_delete=0
2021-10-20 21:04:13.891 TRACE 10964 --- [http-nio-8081-exec-10] o.h.type.descriptor.sql.BasicBinder      : binding parameter [1] as [BIGINT] - [99]
2021-10-20 21:04:31.151 DEBUG 10964 --- [scheduling-1] org.hibernate.SQL                        : SELECT * FROM mail_queue where is_send=0
2021-10-20 21:04:53.315 DEBUG 10964 --- [scheduling-1] org.hibernate.SQL                        : SELECT * FROM mail_queue where is_send=0
2021-10-20 21:04:59.111 DEBUG 10964 --- [http-nio-8081-exec-2] org.hibernate.SQL                        : UPDATE post SET view = view + 1 WHERE id = ?
2021-10-20 21:04:59.111 TRACE 10964 --- [http-nio-8081-exec-2] o.h.type.descriptor.sql.BasicBinder      : binding parameter [1] as [BIGINT] - [295]
2021-10-20 21:04:59.111 DEBUG 10964 --- [http-nio-8081-exec-5] org.hibernate.SQL                        : select count(comment0_.id) as col_0_0_ from comment comment0_ where comment0_.post_id=? and comment0_.is_hide=0 and comment0_.is_delete=0
2021-10-20 21:04:59.112 TRACE 10964 --- [http-nio-8081-exec-5] o.h.type.descriptor.sql.BasicBinder      : binding parameter [1] as [BIGINT] - [295]
2021-10-20 21:05:00.254 DEBUG 10964 --- [http-nio-8081-exec-4] org.hibernate.SQL                        : SELECT c.id,c.body,c.created_date,c.update_date,u.username as user_name,u.photo as profile_photo,c.post_id,count(cv.comment_id) as total_vote 
FROM comment c 
LEFT  JOIN comment_vote cv on c.id = cv.comment_id 
RIGHT  JOIN user u on c.user_id = u.id where c.is_hide = 0 and c.is_delete = 0 and c.post_id = ? 
group by c.id order by total_vote desc limit ?
2021-10-20 21:05:00.254 TRACE 10964 --- [http-nio-8081-exec-4] o.h.type.descriptor.sql.BasicBinder      : binding parameter [1] as [BIGINT] - [295]
2021-10-20 21:05:03.068 DEBUG 10964 --- [http-nio-8081-exec-7] org.hibernate.SQL                        : UPDATE post SET view = view + 1 WHERE id = ?
2021-10-20 21:05:03.069 TRACE 10964 --- [http-nio-8081-exec-7] o.h.type.descriptor.sql.BasicBinder      : binding parameter [1] as [BIGINT] - [99]
2021-10-20 21:05:03.070 DEBUG 10964 --- [http-nio-8081-exec-9] org.hibernate.SQL                        : select count(comment0_.id) as col_0_0_ from comment comment0_ where comment0_.post_id=? and comment0_.is_hide=0 and comment0_.is_delete=0
2021-10-20 21:05:03.071 TRACE 10964 --- [http-nio-8081-exec-9] o.h.type.descriptor.sql.BasicBinder      : binding parameter [1] as [BIGINT] - [99]
2021-10-20 21:05:11.054 DEBUG 10964 --- [http-nio-8081-exec-1] org.hibernate.SQL                        : UPDATE post SET view = view + 1 WHERE id = ?
2021-10-20 21:05:11.055 TRACE 10964 --- [http-nio-8081-exec-1] o.h.type.descriptor.sql.BasicBinder      : binding parameter [1] as [BIGINT] - [99]
2021-10-20 21:05:11.055 DEBUG 10964 --- [http-nio-8081-exec-10] org.hibernate.SQL                        : select count(comment0_.id) as col_0_0_ from comment comment0_ where comment0_.post_id=? and comment0_.is_hide=0 and comment0_.is_delete=0
2021-10-20 21:05:11.056 TRACE 10964 --- [http-nio-8081-exec-10] o.h.type.descriptor.sql.BasicBinder      : binding parameter [1] as [BIGINT] - [99]
2021-10-20 21:05:15.786 DEBUG 10964 --- [scheduling-1] org.hibernate.SQL                        : SELECT * FROM mail_queue where is_send=0
2021-10-20 21:05:34.746 DEBUG 10964 --- [http-nio-8081-exec-3] org.hibernate.SQL                        : UPDATE post SET view = view + 1 WHERE id = ?
2021-10-20 21:05:34.746 TRACE 10964 --- [http-nio-8081-exec-3] o.h.type.descriptor.sql.BasicBinder      : binding parameter [1] as [BIGINT] - [99]
2021-10-20 21:05:34.775 DEBUG 10964 --- [http-nio-8081-exec-5] org.hibernate.SQL                        : select count(comment0_.id) as col_0_0_ from comment comment0_ where comment0_.post_id=? and comment0_.is_hide=0 and comment0_.is_delete=0
2021-10-20 21:05:34.776 TRACE 10964 --- [http-nio-8081-exec-5] o.h.type.descriptor.sql.BasicBinder      : binding parameter [1] as [BIGINT] - [99]
2021-10-20 21:05:39.525 DEBUG 10964 --- [scheduling-1] org.hibernate.SQL                        : SELECT * FROM mail_queue where is_send=0
2021-10-20 21:06:02.140 DEBUG 10964 --- [scheduling-1] org.hibernate.SQL                        : SELECT * FROM mail_queue where is_send=0
2021-10-20 21:06:24.885 DEBUG 10964 --- [scheduling-1] org.hibernate.SQL                        : SELECT * FROM mail_queue where is_send=0
2021-10-20 21:06:47.330 DEBUG 10964 --- [scheduling-1] org.hibernate.SQL                        : SELECT * FROM mail_queue where is_send=0
2021-10-20 21:07:09.896 DEBUG 10964 --- [scheduling-1] org.hibernate.SQL                        : SELECT * FROM mail_queue where is_send=0
